TN:
SF:/home/kavia/workspace/code-generation/entservices-appgateway-34/AppGateway/AppGateway.cpp
FN:108,154,_ZN12WPEFramework6Plugin10AppGateway12DeinitializeEPNS_10PluginHost6IShellE
FN:156,164,_ZN12WPEFramework6Plugin10AppGateway11DeactivatedEPNS_3RPC17IRemoteConnectionE
FN:50,55,_ZN12WPEFramework6Plugin10AppGatewayC1Ev
FN:50,55,_ZN12WPEFramework6Plugin10AppGatewayC2Ev
FN:57,59,_ZN12WPEFramework6Plugin10AppGatewayD0Ev
FN:57,59,_ZN12WPEFramework6Plugin10AppGatewayD1Ev
FN:57,59,_ZN12WPEFramework6Plugin10AppGatewayD2Ev
FN:61,106,_ZN12WPEFramework6Plugin10AppGateway10InitializeB5cxx11EPNS_10PluginHost6IShellE
FNDA:0,_ZN12WPEFramework6Plugin10AppGateway12DeinitializeEPNS_10PluginHost6IShellE
FNDA:0,_ZN12WPEFramework6Plugin10AppGateway11DeactivatedEPNS_3RPC17IRemoteConnectionE
FNDA:0,_ZN12WPEFramework6Plugin10AppGatewayC1Ev
FNDA:0,_ZN12WPEFramework6Plugin10AppGatewayC2Ev
FNDA:0,_ZN12WPEFramework6Plugin10AppGatewayD0Ev
FNDA:0,_ZN12WPEFramework6Plugin10AppGatewayD1Ev
FNDA:0,_ZN12WPEFramework6Plugin10AppGatewayD2Ev
FNDA:0,_ZN12WPEFramework6Plugin10AppGateway10InitializeB5cxx11EPNS_10PluginHost6IShellE
FNF:8
FNH:0
DA:50,0
DA:51,0
DA:54,0
DA:55,0
DA:57,0
DA:59,0
DA:61,0
DA:63,0
DA:64,0
DA:65,0
DA:67,0
DA:69,0
DA:70,0
DA:71,0
DA:73,0
DA:74,0
DA:75,0
DA:76,0
DA:77,0
DA:81,0
DA:85,0
DA:88,0
DA:89,0
DA:90,0
DA:91,0
DA:92,0
DA:93,0
DA:98,0
DA:103,0
DA:105,0
DA:108,0
DA:110,0
DA:112,0
DA:113,0
DA:115,0
DA:116,0
DA:119,0
DA:120,0
DA:121,0
DA:126,0
DA:129,0
DA:130,0
DA:131,0
DA:132,0
DA:137,0
DA:141,0
DA:147,0
DA:148,0
DA:151,0
DA:152,0
DA:153,0
DA:154,0
DA:156,0
DA:158,0
DA:160,0
DA:162,0
DA:164,0
LF:57
LH:0
end_of_record
TN:
SF:/home/kavia/workspace/code-generation/entservices-appgateway-34/AppGateway/AppGateway.h
FN:52,52,_ZNK12WPEFramework6Plugin10AppGateway11InformationB5cxx11Ev
FN:54,59,_ZN12WPEFramework6Plugin10AppGateway14QueryInterfaceEj
FNDA:0,_ZNK12WPEFramework6Plugin10AppGateway11InformationB5cxx11Ev
FNDA:0,_ZN12WPEFramework6Plugin10AppGateway14QueryInterfaceEj
FNF:2
FNH:0
DA:52,0
DA:54,0
DA:55,0
DA:56,0
DA:57,0
DA:58,0
DA:59,0
LF:7
LH:0
end_of_record
TN:
SF:/home/kavia/workspace/code-generation/entservices-appgateway-34/AppGateway/AppGatewayImplementation.cpp
FN:102,109,_ZNK12WPEFramework6Plugin24RegionalResolutionConfig6Region8GetPathsB5cxx11Ev
FN:112,117,_ZN12WPEFramework6Plugin24RegionalResolutionConfigC2Ev
FN:118,118,_ZN12WPEFramework6Plugin24RegionalResolutionConfigD0Ev
FN:118,118,_ZN12WPEFramework6Plugin24RegionalResolutionConfigD2Ev
FN:120,145,_ZNK12WPEFramework6Plugin24RegionalResolutionConfig18GetPathsForCountryERKNSt7__cxx1112basic_stringIcSt11char_traitsIcESaIcEEE
FN:152,161,_ZN12WPEFramework6Plugin24AppGatewayImplementationC1Ev
FN:152,161,_ZN12WPEFramework6Plugin24AppGatewayImplementationC2Ev
FN:163,199,_ZN12WPEFramework6Plugin24AppGatewayImplementationD0Ev
FN:163,199,_ZN12WPEFramework6Plugin24AppGatewayImplementationD1Ev
FN:163,199,_ZN12WPEFramework6Plugin24AppGatewayImplementationD2Ev
FN:201,214,_ZN12WPEFramework6Plugin24AppGatewayImplementation9ConfigureEPNS_10PluginHost6IShellE
FN:216,297,_ZN12WPEFramework6Plugin24AppGatewayImplementation18InitializeResolverEv
FN:299,337,_ZN12WPEFramework6Plugin24AppGatewayImplementation9ConfigureERKPNS_3RPC13IIteratorTypeINSt7__cxx1112basic_stringIcSt11char_traitsIcESaIcEEELj5EEE
FN:339,368,_ZN12WPEFramework6Plugin24AppGatewayImplementation27InternalResolutionConfigureEOSt6vectorINSt7__cxx1112basic_stringIcSt11char_traitsIcESaIcEEESaIS8_EE
FN:370,374,_ZN12WPEFramework6Plugin24AppGatewayImplementation7ResolveERKNS_8Exchange14GatewayContextERKNSt7__cxx1112basic_stringIcSt11char_traitsIcESaIcEEESD_SD_RSB_
FN:376,384,_ZN12WPEFramework6Plugin24AppGatewayImplementation15InternalResolveERKNS_8Exchange14GatewayContextERKNSt7__cxx1112basic_stringIcSt11char_traitsIcESaIcEEESD_SD_RSB_
FN:386,452,_ZN12WPEFramework6Plugin24AppGatewayImplementation17FetchResolvedDataERKNS_8Exchange14GatewayContextERKNSt7__cxx1112basic_stringIcSt11char_traitsIcESaIcEEESD_SD_RSB_
FN:454,487,_ZN12WPEFramework6Plugin24AppGatewayImplementation13UpdateContextERKNS_8Exchange14GatewayContextERKNSt7__cxx1112basic_stringIcSt11char_traitsIcESaIcEEESD_SD_RKb
FN:489,509,_ZN12WPEFramework6Plugin24AppGatewayImplementation20ProcessComRpcRequestERKNS_8Exchange14GatewayContextERKNSt7__cxx1112basic_stringIcSt11char_traitsIcESaIcEEESD_SD_SD_RSB_
FN:512,536,_ZN12WPEFramework6Plugin24AppGatewayImplementation15PreProcessEventERKNS_8Exchange14GatewayContextERKNSt7__cxx1112basic_stringIcSt11char_traitsIcESaIcEEESD_SD_SD_RSB_
FN:538,548,_ZN12WPEFramework6Plugin24AppGatewayImplementation11HandleEventERKNS_8Exchange14GatewayContextERKNSt7__cxx1112basic_stringIcSt11char_traitsIcESaIcEEESD_SD_b
FN:550,562,_ZN12WPEFramework6Plugin24AppGatewayImplementation20SendToLaunchDelegateERKNS_8Exchange14GatewayContextERKNSt7__cxx1112basic_stringIcSt11char_traitsIcESaIcEEE
FN:564,573,_ZN12WPEFramework6Plugin24AppGatewayImplementation28SetupAppGatewayAuthenticatorEv
FN:576,599,_ZN12WPEFramework6PluginL17ReadJsonStringKeyERKNSt7__cxx1112basic_stringIcSt11char_traitsIcESaIcEEES8_PKc
FN:601,618,_ZN12WPEFramework6Plugin24AppGatewayImplementation25ReadCountryFromConfigFileB5cxx11Ev
FN:62,67,_ZN12WPEFramework6Plugin24RegionalResolutionConfig6RegionC2Ev
FN:69,76,_ZN12WPEFramework6Plugin24RegionalResolutionConfig6RegionC2ERKS2_
FN:85,85,_ZN12WPEFramework6Plugin24RegionalResolutionConfig6RegionD0Ev
FN:85,85,_ZN12WPEFramework6Plugin24RegionalResolutionConfig6RegionD2Ev
FN:90,100,_ZNK12WPEFramework6Plugin24RegionalResolutionConfig6Region14HasCountryCodeERKNSt7__cxx1112basic_stringIcSt11char_traitsIcESaIcEEE
FNDA:0,_ZNK12WPEFramework6Plugin24RegionalResolutionConfig6Region8GetPathsB5cxx11Ev
FNDA:4,_ZN12WPEFramework6Plugin24RegionalResolutionConfigC2Ev
FNDA:0,_ZN12WPEFramework6Plugin24RegionalResolutionConfigD0Ev
FNDA:4,_ZN12WPEFramework6Plugin24RegionalResolutionConfigD2Ev
FNDA:0,_ZNK12WPEFramework6Plugin24RegionalResolutionConfig18GetPathsForCountryERKNSt7__cxx1112basic_stringIcSt11char_traitsIcESaIcEEE
FNDA:0,_ZN12WPEFramework6Plugin24AppGatewayImplementationC1Ev
FNDA:4,_ZN12WPEFramework6Plugin24AppGatewayImplementationC2Ev
FNDA:0,_ZN12WPEFramework6Plugin24AppGatewayImplementationD0Ev
FNDA:0,_ZN12WPEFramework6Plugin24AppGatewayImplementationD1Ev
FNDA:4,_ZN12WPEFramework6Plugin24AppGatewayImplementationD2Ev
FNDA:4,_ZN12WPEFramework6Plugin24AppGatewayImplementation9ConfigureEPNS_10PluginHost6IShellE
FNDA:4,_ZN12WPEFramework6Plugin24AppGatewayImplementation18InitializeResolverEv
FNDA:4,_ZN12WPEFramework6Plugin24AppGatewayImplementation9ConfigureERKPNS_3RPC13IIteratorTypeINSt7__cxx1112basic_stringIcSt11char_traitsIcESaIcEEELj5EEE
FNDA:8,_ZN12WPEFramework6Plugin24AppGatewayImplementation27InternalResolutionConfigureEOSt6vectorINSt7__cxx1112basic_stringIcSt11char_traitsIcESaIcEEESaIS8_EE
FNDA:4,_ZN12WPEFramework6Plugin24AppGatewayImplementation7ResolveERKNS_8Exchange14GatewayContextERKNSt7__cxx1112basic_stringIcSt11char_traitsIcESaIcEEESD_SD_RSB_
FNDA:4,_ZN12WPEFramework6Plugin24AppGatewayImplementation15InternalResolveERKNS_8Exchange14GatewayContextERKNSt7__cxx1112basic_stringIcSt11char_traitsIcESaIcEEESD_SD_RSB_
FNDA:4,_ZN12WPEFramework6Plugin24AppGatewayImplementation17FetchResolvedDataERKNS_8Exchange14GatewayContextERKNSt7__cxx1112basic_stringIcSt11char_traitsIcESaIcEEESD_SD_RSB_
FNDA:1,_ZN12WPEFramework6Plugin24AppGatewayImplementation13UpdateContextERKNS_8Exchange14GatewayContextERKNSt7__cxx1112basic_stringIcSt11char_traitsIcESaIcEEESD_SD_RKb
FNDA:2,_ZN12WPEFramework6Plugin24AppGatewayImplementation20ProcessComRpcRequestERKNS_8Exchange14GatewayContextERKNSt7__cxx1112basic_stringIcSt11char_traitsIcESaIcEEESD_SD_SD_RSB_
FNDA:2,_ZN12WPEFramework6Plugin24AppGatewayImplementation15PreProcessEventERKNS_8Exchange14GatewayContextERKNSt7__cxx1112basic_stringIcSt11char_traitsIcESaIcEEESD_SD_SD_RSB_
FNDA:0,_ZN12WPEFramework6Plugin24AppGatewayImplementation11HandleEventERKNS_8Exchange14GatewayContextERKNSt7__cxx1112basic_stringIcSt11char_traitsIcESaIcEEESD_SD_b
FNDA:4,_ZN12WPEFramework6Plugin24AppGatewayImplementation20SendToLaunchDelegateERKNS_8Exchange14GatewayContextERKNSt7__cxx1112basic_stringIcSt11char_traitsIcESaIcEEE
FNDA:0,_ZN12WPEFramework6Plugin24AppGatewayImplementation28SetupAppGatewayAuthenticatorEv
FNDA:0,_ZN12WPEFramework6PluginL17ReadJsonStringKeyERKNSt7__cxx1112basic_stringIcSt11char_traitsIcESaIcEEES8_PKc
FNDA:4,_ZN12WPEFramework6Plugin24AppGatewayImplementation25ReadCountryFromConfigFileB5cxx11Ev
FNDA:0,_ZN12WPEFramework6Plugin24RegionalResolutionConfig6RegionC2Ev
FNDA:0,_ZN12WPEFramework6Plugin24RegionalResolutionConfig6RegionC2ERKS2_
FNDA:0,_ZN12WPEFramework6Plugin24RegionalResolutionConfig6RegionD0Ev
FNDA:0,_ZN12WPEFramework6Plugin24RegionalResolutionConfig6RegionD2Ev
FNDA:0,_ZNK12WPEFramework6Plugin24RegionalResolutionConfig6Region14HasCountryCodeERKNSt7__cxx1112basic_stringIcSt11char_traitsIcESaIcEEE
FNF:30
FNH:16
DA:62,0
DA:63,0
DA:65,0
DA:66,0
DA:67,0
DA:69,0
DA:70,0
DA:71,0
DA:72,0
DA:74,0
DA:75,0
DA:76,0
DA:85,0
DA:90,0
DA:91,0
DA:92,0
DA:93,0
DA:95,0
DA:96,0
DA:98,0
DA:99,0
DA:102,0
DA:103,0
DA:104,0
DA:105,0
DA:106,0
DA:108,0
DA:109,0
DA:112,4
DA:113,4
DA:115,4
DA:116,4
DA:117,4
DA:118,4
DA:120,0
DA:121,0
DA:124,0
DA:125,0
DA:126,0
DA:127,0
DA:128,0
DA:129,0
DA:130,0
DA:135,0
DA:136,0
DA:137,0
DA:138,0
DA:140,0
DA:142,0
DA:144,0
DA:145,0
DA:152,4
DA:153,4
DA:154,4
DA:155,4
DA:156,4
DA:157,4
DA:158,4
DA:160,4
DA:161,4
DA:163,4
DA:165,4
DA:166,4
DA:168,4
DA:169,4
DA:172,4
DA:174,0
DA:175,0
DA:178,4
DA:180,0
DA:181,0
DA:184,4
DA:186,0
DA:187,0
DA:190,4
DA:192,0
DA:193,0
DA:198,4
DA:199,4
DA:201,4
DA:203,4
DA:204,4
DA:205,4
DA:206,4
DA:207,4
DA:209,4
DA:210,4
DA:211,0
DA:213,4
DA:216,4
DA:219,4
DA:220,0
DA:221,0
DA:222,0
DA:223,0
DA:226,4
DA:227,4
DA:228,4
DA:230,0
DA:234,4
DA:235,4
DA:236,4
DA:238,4
DA:240,4
DA:243,8
DA:244,4
DA:246,4
DA:247,4
DA:248,0
DA:249,0
DA:251,4
DA:252,4
DA:255,0
DA:256,0
DA:258,0
DA:260,0
DA:262,0
DA:263,0
DA:264,0
DA:265,0
DA:266,0
DA:267,0
DA:269,0
DA:270,0
DA:273,0
DA:274,0
DA:275,0
DA:279,0
DA:281,0
DA:282,0
DA:285,0
DA:286,0
DA:289,0
DA:290,0
DA:291,0
DA:292,0
DA:293,0
DA:296,0
DA:297,4
DA:299,4
DA:301,4
DA:303,4
DA:305,0
DA:306,0
DA:309,4
DA:311,0
DA:312,0
DA:318,4
DA:321,4
DA:322,8
DA:324,4
DA:325,4
DA:328,4
DA:330,0
DA:331,0
DA:334,4
DA:335,4
DA:337,4
DA:339,8
DA:341,8
DA:342,16
DA:344,8
DA:345,8
DA:347,8
DA:349,8
DA:350,8
DA:354,0
DA:359,8
DA:361,0
DA:362,0
DA:365,8
DA:366,8
DA:370,4
DA:372,4
DA:373,4
DA:376,4
DA:378,4
DA:379,4
DA:380,4
DA:381,4
DA:383,4
DA:386,4
DA:387,4
DA:388,4
DA:389,4
DA:391,0
DA:392,0
DA:393,0
DA:397,4
DA:399,0
DA:400,0
DA:401,0
DA:404,4
DA:406,4
DA:408,0
DA:409,0
DA:410,0
DA:413,4
DA:414,4
DA:415,0
DA:416,0
DA:417,0
DA:418,0
DA:419,0
DA:420,0
DA:421,0
DA:423,0
DA:424,0
DA:425,0
DA:426,0
DA:430,4
DA:432,4
DA:433,2
DA:434,2
DA:435,2
DA:438,0
DA:439,0
DA:441,0
DA:442,0
DA:443,0
DA:444,0
DA:446,0
DA:447,0
DA:450,0
DA:451,4
DA:452,4
DA:454,1
DA:456,1
DA:457,1
DA:458,1
DA:459,1
DA:460,1
DA:461,1
DA:464,0
DA:466,1
DA:467,1
DA:468,1
DA:469,1
DA:470,1
DA:471,1
DA:472,1
DA:473,1
DA:474,1
DA:475,0
DA:478,0
DA:479,0
DA:480,0
DA:481,0
DA:482,0
DA:483,0
DA:484,0
DA:485,1
DA:486,2
DA:487,1
DA:489,2
DA:490,2
DA:491,2
DA:492,2
DA:493,1
DA:494,1
DA:495,0
DA:496,0
DA:497,0
DA:500,1
DA:502,1
DA:503,1
DA:504,1
DA:505,1
DA:508,2
DA:512,2
DA:514,2
DA:515,2
DA:518,4
DA:519,0
DA:520,0
DA:521,0
DA:522,0
DA:523,0
DA:524,0
DA:525,0
DA:526,0
DA:527,2
DA:528,2
DA:529,2
DA:532,0
DA:533,0
DA:534,0
DA:536,2
DA:538,0
DA:539,0
DA:540,0
DA:541,0
DA:542,0
DA:543,0
DA:547,0
DA:550,4
DA:552,4
DA:553,8
DA:554,4
DA:555,4
DA:556,4
DA:560,0
DA:564,0
DA:565,0
DA:566,0
DA:567,0
DA:568,0
DA:569,0
DA:572,0
DA:576,0
DA:577,0
DA:578,0
DA:580,0
DA:581,0
DA:582,0
DA:583,0
DA:585,0
DA:586,0
DA:587,0
DA:588,0
DA:589,0
DA:590,0
DA:592,0
DA:593,0
DA:594,0
DA:596,0
DA:597,0
DA:598,0
DA:599,0
DA:601,4
DA:604,4
DA:605,8
LF:332
LH:149
end_of_record
TN:
SF:/home/kavia/workspace/code-generation/entservices-appgateway-34/AppGateway/AppGatewayImplementation.h
FN:106,118,_ZN12WPEFramework6Plugin24AppGatewayImplementation21ReturnMessageInSocketERKNS_8Exchange14GatewayContextENSt7__cxx1112basic_stringIcSt11char_traitsIcESaIcEEE
FN:47,50,_ZN12WPEFramework6Plugin24AppGatewayImplementation14QueryInterfaceEj
FN:64,71,_ZN12WPEFramework6Plugin24AppGatewayImplementation10RespondJobC2EPS1_RKNS_8Exchange14GatewayContextERKNSt7__cxx1112basic_stringIcSt11char_traitsIcESaIcEEESF_
FN:77,79,_ZN12WPEFramework6Plugin24AppGatewayImplementation10RespondJobD0Ev
FN:77,79,_ZN12WPEFramework6Plugin24AppGatewayImplementation10RespondJobD2Ev
FN:82,86,_ZN12WPEFramework6Plugin24AppGatewayImplementation10RespondJob6CreateEPS1_RKNS_8Exchange14GatewayContextERKNSt7__cxx1112basic_stringIcSt11char_traitsIcESaIcEEESF_
FN:87,95,_ZN12WPEFramework6Plugin24AppGatewayImplementation10RespondJob8DispatchEv
FNDA:0,_ZN12WPEFramework6Plugin24AppGatewayImplementation21ReturnMessageInSocketERKNS_8Exchange14GatewayContextENSt7__cxx1112basic_stringIcSt11char_traitsIcESaIcEEE
FNDA:0,_ZN12WPEFramework6Plugin24AppGatewayImplementation14QueryInterfaceEj
FNDA:4,_ZN12WPEFramework6Plugin24AppGatewayImplementation10RespondJobC2EPS1_RKNS_8Exchange14GatewayContextERKNSt7__cxx1112basic_stringIcSt11char_traitsIcESaIcEEESF_
FNDA:0,_ZN12WPEFramework6Plugin24AppGatewayImplementation10RespondJobD0Ev
FNDA:4,_ZN12WPEFramework6Plugin24AppGatewayImplementation10RespondJobD2Ev
FNDA:4,_ZN12WPEFramework6Plugin24AppGatewayImplementation10RespondJob6CreateEPS1_RKNS_8Exchange14GatewayContextERKNSt7__cxx1112basic_stringIcSt11char_traitsIcESaIcEEESF_
FNDA:4,_ZN12WPEFramework6Plugin24AppGatewayImplementation10RespondJob8DispatchEv
FNF:7
FNH:4
DA:47,0
DA:48,0
DA:49,0
DA:50,0
DA:64,4
DA:69,4
DA:71,4
DA:77,4
DA:78,12
DA:79,4
DA:82,4
DA:85,4
DA:87,4
DA:89,4
DA:90,0
DA:92,4
DA:95,4
DA:106,0
DA:107,0
DA:108,0
DA:111,0
DA:112,0
DA:113,0
DA:115,0
DA:116,0
LF:25
LH:12
end_of_record
TN:
SF:/home/kavia/workspace/code-generation/entservices-appgateway-34/AppGateway/AppGatewayResponderImplementation.cpp
FN:110,113,_ZZN12WPEFramework6Plugin33AppGatewayResponderImplementation19InitializeWebsocketEvENKUlRKNSt7__cxx1112basic_stringIcSt11char_traitsIcESaIcEEES9_ijE_clES9_S9_ij
FN:116,158,_ZZN12WPEFramework6Plugin33AppGatewayResponderImplementation19InitializeWebsocketEvENKUljRKNSt7__cxx1112basic_stringIcSt11char_traitsIcESaIcEEEE_clEjS9_
FN:161,182,_ZZN12WPEFramework6Plugin33AppGatewayResponderImplementation19InitializeWebsocketEvENKUljE_clEj
FN:188,192,_ZN12WPEFramework6Plugin33AppGatewayResponderImplementation7RespondERKNS_8Exchange14GatewayContextERKNSt7__cxx1112basic_stringIcSt11char_traitsIcESaIcEEE
FN:194,204,_ZN12WPEFramework6Plugin33AppGatewayResponderImplementation4EmitERKNS_8Exchange14GatewayContextERKNSt7__cxx1112basic_stringIcSt11char_traitsIcESaIcEEESD_
FN:206,210,_ZN12WPEFramework6Plugin33AppGatewayResponderImplementation7RequestEjjRKNSt7__cxx1112basic_stringIcSt11char_traitsIcESaIcEEES9_
FN:212,217,_ZN12WPEFramework6Plugin33AppGatewayResponderImplementation27GetGatewayConnectionContextEjRKNSt7__cxx1112basic_stringIcSt11char_traitsIcESaIcEEERS7_
FN:220,258,_ZN12WPEFramework6Plugin33AppGatewayResponderImplementation13DispatchWsMsgERKNSt7__cxx1112basic_stringIcSt11char_traitsIcESaIcEEES9_jj
FN:261,276,_ZN12WPEFramework6Plugin33AppGatewayResponderImplementation8RegisterEPNS_8Exchange20IAppGatewayResponder13INotificationE
FN:278,301,_ZN12WPEFramework6Plugin33AppGatewayResponderImplementation10UnregisterEPNS_8Exchange20IAppGatewayResponder13INotificationE
FN:303,315,_ZN12WPEFramework6Plugin33AppGatewayResponderImplementation25OnConnectionStatusChangedERKNSt7__cxx1112basic_stringIcSt11char_traitsIcESaIcEEEjb
FN:41,57,_ZN12WPEFramework6Plugin33AppGatewayResponderImplementationC1Ev
FN:41,57,_ZN12WPEFramework6Plugin33AppGatewayResponderImplementationC2Ev
FN:59,80,_ZN12WPEFramework6Plugin33AppGatewayResponderImplementationD0Ev
FN:59,80,_ZN12WPEFramework6Plugin33AppGatewayResponderImplementationD1Ev
FN:59,80,_ZN12WPEFramework6Plugin33AppGatewayResponderImplementationD2Ev
FN:82,92,_ZN12WPEFramework6Plugin33AppGatewayResponderImplementation9ConfigureEPNS_10PluginHost6IShellE
FN:94,186,_ZN12WPEFramework6Plugin33AppGatewayResponderImplementation19InitializeWebsocketEv
FNDA:0,_ZZN12WPEFramework6Plugin33AppGatewayResponderImplementation19InitializeWebsocketEvENKUlRKNSt7__cxx1112basic_stringIcSt11char_traitsIcESaIcEEES9_ijE_clES9_S9_ij
FNDA:0,_ZZN12WPEFramework6Plugin33AppGatewayResponderImplementation19InitializeWebsocketEvENKUljRKNSt7__cxx1112basic_stringIcSt11char_traitsIcESaIcEEEE_clEjS9_
FNDA:0,_ZZN12WPEFramework6Plugin33AppGatewayResponderImplementation19InitializeWebsocketEvENKUljE_clEj
FNDA:0,_ZN12WPEFramework6Plugin33AppGatewayResponderImplementation7RespondERKNS_8Exchange14GatewayContextERKNSt7__cxx1112basic_stringIcSt11char_traitsIcESaIcEEE
FNDA:0,_ZN12WPEFramework6Plugin33AppGatewayResponderImplementation4EmitERKNS_8Exchange14GatewayContextERKNSt7__cxx1112basic_stringIcSt11char_traitsIcESaIcEEESD_
FNDA:0,_ZN12WPEFramework6Plugin33AppGatewayResponderImplementation7RequestEjjRKNSt7__cxx1112basic_stringIcSt11char_traitsIcESaIcEEES9_
FNDA:0,_ZN12WPEFramework6Plugin33AppGatewayResponderImplementation27GetGatewayConnectionContextEjRKNSt7__cxx1112basic_stringIcSt11char_traitsIcESaIcEEERS7_
FNDA:0,_ZN12WPEFramework6Plugin33AppGatewayResponderImplementation13DispatchWsMsgERKNSt7__cxx1112basic_stringIcSt11char_traitsIcESaIcEEES9_jj
FNDA:0,_ZN12WPEFramework6Plugin33AppGatewayResponderImplementation8RegisterEPNS_8Exchange20IAppGatewayResponder13INotificationE
FNDA:0,_ZN12WPEFramework6Plugin33AppGatewayResponderImplementation10UnregisterEPNS_8Exchange20IAppGatewayResponder13INotificationE
FNDA:0,_ZN12WPEFramework6Plugin33AppGatewayResponderImplementation25OnConnectionStatusChangedERKNSt7__cxx1112basic_stringIcSt11char_traitsIcESaIcEEEjb
FNDA:0,_ZN12WPEFramework6Plugin33AppGatewayResponderImplementationC1Ev
FNDA:0,_ZN12WPEFramework6Plugin33AppGatewayResponderImplementationC2Ev
FNDA:0,_ZN12WPEFramework6Plugin33AppGatewayResponderImplementationD0Ev
FNDA:0,_ZN12WPEFramework6Plugin33AppGatewayResponderImplementationD1Ev
FNDA:0,_ZN12WPEFramework6Plugin33AppGatewayResponderImplementationD2Ev
FNDA:0,_ZN12WPEFramework6Plugin33AppGatewayResponderImplementation9ConfigureEPNS_10PluginHost6IShellE
FNDA:0,_ZN12WPEFramework6Plugin33AppGatewayResponderImplementation19InitializeWebsocketEv
FNF:18
FNH:0
DA:41,0
DA:42,0
DA:43,0
DA:44,0
DA:45,0
DA:46,0
DA:47,0
DA:49,0
DA:57,0
DA:59,0
DA:61,0
DA:62,0
DA:64,0
DA:65,0
DA:68,0
DA:70,0
DA:71,0
DA:74,0
DA:76,0
DA:77,0
DA:80,0
DA:82,0
DA:84,0
DA:85,0
DA:86,0
DA:87,0
DA:88,0
DA:89,0
DA:91,0
DA:94,0
DA:96,0
DA:97,0
DA:98,0
DA:99,0
DA:101,0
DA:106,0
DA:107,0
DA:108,0
DA:109,0
DA:110,0
DA:112,0
DA:113,0
DA:115,0
DA:116,0
DA:118,0
DA:119,0
DA:121,0
DA:122,0
DA:125,0
DA:126,0
DA:127,0
DA:129,0
DA:131,0
DA:132,0
DA:133,0
DA:137,0
DA:138,0
DA:139,0
DA:140,0
DA:141,0
DA:152,0
DA:154,0
DA:157,0
DA:158,0
DA:160,0
DA:161,0
DA:163,0
DA:164,0
DA:165,0
DA:166,0
DA:168,0
DA:169,0
DA:172,0
DA:173,0
DA:174,0
DA:175,0
DA:176,0
DA:177,0
DA:179,0
DA:180,0
DA:182,0
DA:184,0
DA:185,0
DA:186,0
DA:188,0
DA:190,0
DA:191,0
DA:194,0
DA:197,0
DA:198,0
DA:201,0
DA:203,0
DA:206,0
DA:208,0
DA:209,0
DA:212,0
DA:216,0
DA:220,0
DA:225,0
DA:226,0
DA:228,0
DA:230,0
DA:231,0
DA:239,0
DA:241,0
DA:242,0
DA:245,0
DA:246,0
DA:247,0
DA:250,0
DA:251,0
DA:252,0
DA:254,0
DA:255,0
DA:256,0
DA:258,0
DA:261,0
DA:263,0
DA:265,0
DA:268,0
DA:270,0
DA:271,0
DA:272,0
DA:275,0
DA:276,0
DA:278,0
DA:280,0
DA:282,0
DA:284,0
DA:287,0
DA:288,0
DA:290,0
DA:291,0
DA:292,0
DA:293,0
DA:297,0
DA:300,0
DA:301,0
DA:303,0
DA:305,0
DA:306,0
DA:308,0
DA:315,0
LF:143
LH:0
end_of_record
TN:
SF:/home/kavia/workspace/code-generation/entservices-appgateway-34/AppGateway/AppGatewayResponderImplementation.h
FN:115,122,_ZN12WPEFramework6Plugin33AppGatewayResponderImplementation10RespondJobC2EPS1_jjRKNSt7__cxx1112basic_stringIcSt11char_traitsIcESaIcEEE
FN:128,130,_ZN12WPEFramework6Plugin33AppGatewayResponderImplementation10RespondJobD0Ev
FN:128,130,_ZN12WPEFramework6Plugin33AppGatewayResponderImplementation10RespondJobD2Ev
FN:133,137,_ZN12WPEFramework6Plugin33AppGatewayResponderImplementation10RespondJob6CreateEPS1_jjRKNSt7__cxx1112basic_stringIcSt11char_traitsIcESaIcEEE
FN:138,141,_ZN12WPEFramework6Plugin33AppGatewayResponderImplementation10RespondJob8DispatchEv
FN:153,160,_ZN12WPEFramework6Plugin33AppGatewayResponderImplementation7EmitJobC2EPS1_jRKNSt7__cxx1112basic_stringIcSt11char_traitsIcESaIcEEESB_
FN:166,168,_ZN12WPEFramework6Plugin33AppGatewayResponderImplementation7EmitJobD0Ev
FN:166,168,_ZN12WPEFramework6Plugin33AppGatewayResponderImplementation7EmitJobD2Ev
FN:171,175,_ZN12WPEFramework6Plugin33AppGatewayResponderImplementation7EmitJob6CreateEPS1_jRKNSt7__cxx1112basic_stringIcSt11char_traitsIcESaIcEEESB_
FN:176,179,_ZN12WPEFramework6Plugin33AppGatewayResponderImplementation7EmitJob8DispatchEv
FN:191,199,_ZN12WPEFramework6Plugin33AppGatewayResponderImplementation10RequestJobC2EPS1_jjRKNSt7__cxx1112basic_stringIcSt11char_traitsIcESaIcEEESB_
FN:205,207,_ZN12WPEFramework6Plugin33AppGatewayResponderImplementation10RequestJobD0Ev
FN:205,207,_ZN12WPEFramework6Plugin33AppGatewayResponderImplementation10RequestJobD2Ev
FN:210,214,_ZN12WPEFramework6Plugin33AppGatewayResponderImplementation10RequestJob6CreateEPS1_jjRKNSt7__cxx1112basic_stringIcSt11char_traitsIcESaIcEEESB_
FN:215,218,_ZN12WPEFramework6Plugin33AppGatewayResponderImplementation10RequestJob8DispatchEv
FN:231,238,_ZN12WPEFramework6Plugin33AppGatewayResponderImplementation31ConnectionStatusNotificationJobC2EPS1_jRKNSt7__cxx1112basic_stringIcSt11char_traitsIcESaIcEEEb
FN:244,246,_ZN12WPEFramework6Plugin33AppGatewayResponderImplementation31ConnectionStatusNotificationJobD0Ev
FN:244,246,_ZN12WPEFramework6Plugin33AppGatewayResponderImplementation31ConnectionStatusNotificationJobD2Ev
FN:249,253,_ZN12WPEFramework6Plugin33AppGatewayResponderImplementation31ConnectionStatusNotificationJob6CreateEPS1_jRKNSt7__cxx1112basic_stringIcSt11char_traitsIcESaIcEEEb
FN:254,257,_ZN12WPEFramework6Plugin33AppGatewayResponderImplementation31ConnectionStatusNotificationJob8DispatchEv
FN:269,272,_ZN12WPEFramework6Plugin33AppGatewayResponderImplementation13AppIdRegistry3AddEjRKNSt7__cxx1112basic_stringIcSt11char_traitsIcESaIcEEE
FN:274,277,_ZN12WPEFramework6Plugin33AppGatewayResponderImplementation13AppIdRegistry6RemoveEj
FN:279,287,_ZN12WPEFramework6Plugin33AppGatewayResponderImplementation13AppIdRegistry3GetEjRNSt7__cxx1112basic_stringIcSt11char_traitsIcESaIcEEE
FN:303,315,_ZN12WPEFramework6Plugin33AppGatewayResponderImplementation24CompliantJsonRpcRegistry27CheckAndAddCompliantJsonRpcEjRKNSt7__cxx1112basic_stringIcSt11char_traitsIcESaIcEEE
FN:317,320,_ZN12WPEFramework6Plugin33AppGatewayResponderImplementation24CompliantJsonRpcRegistry18IsCompliantJsonRpcEj
FN:322,328,_ZN12WPEFramework6Plugin33AppGatewayResponderImplementation24CompliantJsonRpcRegistry19CleanupConnectionIdEj
FN:342,350,_ZN12WPEFramework6Plugin33AppGatewayResponderImplementation21ReturnMessageInSocketEjiNSt7__cxx1112basic_stringIcSt11char_traitsIcESaIcEEE
FN:48,51,_ZN12WPEFramework6Plugin33AppGatewayResponderImplementation14QueryInterfaceEj
FN:75,82,_ZN12WPEFramework6Plugin33AppGatewayResponderImplementation8WsMsgJobC2EPS1_RKNSt7__cxx1112basic_stringIcSt11char_traitsIcESaIcEEESB_jj
FN:88,90,_ZN12WPEFramework6Plugin33AppGatewayResponderImplementation8WsMsgJobD0Ev
FN:88,90,_ZN12WPEFramework6Plugin33AppGatewayResponderImplementation8WsMsgJobD2Ev
FN:93,98,_ZN12WPEFramework6Plugin33AppGatewayResponderImplementation8WsMsgJob6CreateEPS1_RKNSt7__cxx1112basic_stringIcSt11char_traitsIcESaIcEEESB_jj
FN:99,102,_ZN12WPEFramework6Plugin33AppGatewayResponderImplementation8WsMsgJob8DispatchEv
FNDA:0,_ZN12WPEFramework6Plugin33AppGatewayResponderImplementation10RespondJobC2EPS1_jjRKNSt7__cxx1112basic_stringIcSt11char_traitsIcESaIcEEE
FNDA:0,_ZN12WPEFramework6Plugin33AppGatewayResponderImplementation10RespondJobD0Ev
FNDA:0,_ZN12WPEFramework6Plugin33AppGatewayResponderImplementation10RespondJobD2Ev
FNDA:0,_ZN12WPEFramework6Plugin33AppGatewayResponderImplementation10RespondJob6CreateEPS1_jjRKNSt7__cxx1112basic_stringIcSt11char_traitsIcESaIcEEE
FNDA:0,_ZN12WPEFramework6Plugin33AppGatewayResponderImplementation10RespondJob8DispatchEv
FNDA:0,_ZN12WPEFramework6Plugin33AppGatewayResponderImplementation7EmitJobC2EPS1_jRKNSt7__cxx1112basic_stringIcSt11char_traitsIcESaIcEEESB_
FNDA:0,_ZN12WPEFramework6Plugin33AppGatewayResponderImplementation7EmitJobD0Ev
FNDA:0,_ZN12WPEFramework6Plugin33AppGatewayResponderImplementation7EmitJobD2Ev
FNDA:0,_ZN12WPEFramework6Plugin33AppGatewayResponderImplementation7EmitJob6CreateEPS1_jRKNSt7__cxx1112basic_stringIcSt11char_traitsIcESaIcEEESB_
FNDA:0,_ZN12WPEFramework6Plugin33AppGatewayResponderImplementation7EmitJob8DispatchEv
FNDA:0,_ZN12WPEFramework6Plugin33AppGatewayResponderImplementation10RequestJobC2EPS1_jjRKNSt7__cxx1112basic_stringIcSt11char_traitsIcESaIcEEESB_
FNDA:0,_ZN12WPEFramework6Plugin33AppGatewayResponderImplementation10RequestJobD0Ev
FNDA:0,_ZN12WPEFramework6Plugin33AppGatewayResponderImplementation10RequestJobD2Ev
FNDA:0,_ZN12WPEFramework6Plugin33AppGatewayResponderImplementation10RequestJob6CreateEPS1_jjRKNSt7__cxx1112basic_stringIcSt11char_traitsIcESaIcEEESB_
FNDA:0,_ZN12WPEFramework6Plugin33AppGatewayResponderImplementation10RequestJob8DispatchEv
FNDA:0,_ZN12WPEFramework6Plugin33AppGatewayResponderImplementation31ConnectionStatusNotificationJobC2EPS1_jRKNSt7__cxx1112basic_stringIcSt11char_traitsIcESaIcEEEb
FNDA:0,_ZN12WPEFramework6Plugin33AppGatewayResponderImplementation31ConnectionStatusNotificationJobD0Ev
FNDA:0,_ZN12WPEFramework6Plugin33AppGatewayResponderImplementation31ConnectionStatusNotificationJobD2Ev
FNDA:0,_ZN12WPEFramework6Plugin33AppGatewayResponderImplementation31ConnectionStatusNotificationJob6CreateEPS1_jRKNSt7__cxx1112basic_stringIcSt11char_traitsIcESaIcEEEb
FNDA:0,_ZN12WPEFramework6Plugin33AppGatewayResponderImplementation31ConnectionStatusNotificationJob8DispatchEv
FNDA:0,_ZN12WPEFramework6Plugin33AppGatewayResponderImplementation13AppIdRegistry3AddEjRKNSt7__cxx1112basic_stringIcSt11char_traitsIcESaIcEEE
FNDA:0,_ZN12WPEFramework6Plugin33AppGatewayResponderImplementation13AppIdRegistry6RemoveEj
FNDA:0,_ZN12WPEFramework6Plugin33AppGatewayResponderImplementation13AppIdRegistry3GetEjRNSt7__cxx1112basic_stringIcSt11char_traitsIcESaIcEEE
FNDA:0,_ZN12WPEFramework6Plugin33AppGatewayResponderImplementation24CompliantJsonRpcRegistry27CheckAndAddCompliantJsonRpcEjRKNSt7__cxx1112basic_stringIcSt11char_traitsIcESaIcEEE
FNDA:0,_ZN12WPEFramework6Plugin33AppGatewayResponderImplementation24CompliantJsonRpcRegistry18IsCompliantJsonRpcEj
FNDA:0,_ZN12WPEFramework6Plugin33AppGatewayResponderImplementation24CompliantJsonRpcRegistry19CleanupConnectionIdEj
FNDA:0,_ZN12WPEFramework6Plugin33AppGatewayResponderImplementation21ReturnMessageInSocketEjiNSt7__cxx1112basic_stringIcSt11char_traitsIcESaIcEEE
FNDA:0,_ZN12WPEFramework6Plugin33AppGatewayResponderImplementation14QueryInterfaceEj
FNDA:0,_ZN12WPEFramework6Plugin33AppGatewayResponderImplementation8WsMsgJobC2EPS1_RKNSt7__cxx1112basic_stringIcSt11char_traitsIcESaIcEEESB_jj
FNDA:0,_ZN12WPEFramework6Plugin33AppGatewayResponderImplementation8WsMsgJobD0Ev
FNDA:0,_ZN12WPEFramework6Plugin33AppGatewayResponderImplementation8WsMsgJobD2Ev
FNDA:0,_ZN12WPEFramework6Plugin33AppGatewayResponderImplementation8WsMsgJob6CreateEPS1_RKNSt7__cxx1112basic_stringIcSt11char_traitsIcESaIcEEESB_jj
FNDA:0,_ZN12WPEFramework6Plugin33AppGatewayResponderImplementation8WsMsgJob8DispatchEv
FNF:33
FNH:0
DA:48,0
DA:49,0
DA:50,0
DA:51,0
DA:75,0
DA:80,0
DA:82,0
DA:88,0
DA:89,0
DA:90,0
DA:93,0
DA:97,0
DA:99,0
DA:101,0
DA:102,0
DA:115,0
DA:120,0
DA:122,0
DA:128,0
DA:129,0
DA:130,0
DA:133,0
DA:136,0
DA:138,0
DA:140,0
DA:141,0
DA:153,0
DA:158,0
DA:160,0
DA:166,0
DA:167,0
DA:168,0
DA:171,0
DA:174,0
DA:176,0
DA:178,0
DA:179,0
DA:191,0
DA:197,0
DA:199,0
DA:205,0
DA:206,0
DA:207,0
DA:210,0
DA:213,0
DA:215,0
DA:217,0
DA:218,0
DA:231,0
DA:236,0
DA:238,0
DA:244,0
DA:245,0
DA:246,0
DA:249,0
DA:252,0
DA:254,0
DA:256,0
DA:257,0
DA:269,0
DA:270,0
DA:271,0
DA:272,0
DA:274,0
DA:275,0
DA:276,0
DA:277,0
DA:279,0
DA:280,0
DA:281,0
DA:282,0
DA:283,0
DA:284,0
DA:286,0
DA:287,0
DA:303,0
DA:305,0
DA:306,0
DA:307,0
DA:309,0
DA:310,0
DA:311,0
DA:312,0
DA:313,0
DA:315,0
DA:317,0
DA:318,0
DA:319,0
DA:320,0
DA:322,0
DA:323,0
DA:324,0
DA:325,0
DA:326,0
DA:328,0
DA:342,0
DA:343,0
DA:344,0
DA:349,0
DA:350,0
LF:100
LH:0
end_of_record
TN:
SF:/home/kavia/workspace/code-generation/entservices-appgateway-34/AppGateway/Module.cpp
FN:22,22,ModuleBuildRef
FN:22,22,ModuleServiceMetadata
FNDA:0,ModuleBuildRef
FNDA:0,ModuleServiceMetadata
FNF:2
FNH:0
DA:22,0
LF:1
LH:0
end_of_record
TN:
SF:/home/kavia/workspace/code-generation/entservices-appgateway-34/AppGateway/Resolver.cpp
FN:134,139,_ZN12WPEFramework6Plugin8Resolver16ClearResolutionsEv
FN:141,145,_ZN12WPEFramework6Plugin8Resolver12IsConfiguredEv
FN:147,157,_ZN12WPEFramework6Plugin8Resolver12ResolveAliasERKNSt7__cxx1112basic_stringIcSt11char_traitsIcESaIcEEE
FN:159,178,_ZN12WPEFramework6Plugin8Resolver10ParseAliasERKNSt7__cxx1112basic_stringIcSt11char_traitsIcESaIcEEERS7_SA_
FN:180,188,_ZN12WPEFramework6Plugin8Resolver18ExtractStringFieldB5cxx11ERKNS_4Core4JSON16VariantContainerEPKc
FN:190,198,_ZN12WPEFramework6Plugin8Resolver19ExtractBooleanFieldERKNS_4Core4JSON16VariantContainerEPKcb
FN:200,203,_ZN12WPEFramework6Plugin8Resolver24ExtractAdditionalContextERNS_4Core4JSON16VariantContainerEPKc
FN:205,251,_ZN12WPEFramework6Plugin8Resolver17CallThunderPluginERKNSt7__cxx1112basic_stringIcSt11char_traitsIcESaIcEEES9_RS7_
FN:253,263,_ZN12WPEFramework6Plugin8Resolver8HasEventERKNSt7__cxx1112basic_stringIcSt11char_traitsIcESaIcEEE
FN:265,278,_ZN12WPEFramework6Plugin8Resolver17HasIncludeContextERKNSt7__cxx1112basic_stringIcSt11char_traitsIcESaIcEEERNS_4Core4JSON7VariantE
FN:280,289,_ZN12WPEFramework6Plugin8Resolver23HasComRpcRequestSupportERKNSt7__cxx1112basic_stringIcSt11char_traitsIcESaIcEEE
FN:291,302,_ZN12WPEFramework6Plugin8Resolver18HasPermissionGroupERKNSt7__cxx1112basic_stringIcSt11char_traitsIcESaIcEEERS7_
FN:34,38,_ZN12WPEFramework6Plugin8ResolverC2EPNS_10PluginHost6IShellE
FN:40,48,_ZN12WPEFramework6Plugin8ResolverD2Ev
FN:50,132,_ZN12WPEFramework6Plugin8Resolver10LoadConfigERKNSt7__cxx1112basic_stringIcSt11char_traitsIcESaIcEEE
FNDA:0,_ZN12WPEFramework6Plugin8Resolver16ClearResolutionsEv
FNDA:8,_ZN12WPEFramework6Plugin8Resolver12IsConfiguredEv
FNDA:6,_ZN12WPEFramework6Plugin8Resolver12ResolveAliasERKNSt7__cxx1112basic_stringIcSt11char_traitsIcESaIcEEE
FNDA:0,_ZN12WPEFramework6Plugin8Resolver10ParseAliasERKNSt7__cxx1112basic_stringIcSt11char_traitsIcESaIcEEERS7_SA_
FNDA:948,_ZN12WPEFramework6Plugin8Resolver18ExtractStringFieldB5cxx11ERKNS_4Core4JSON16VariantContainerEPKc
FNDA:632,_ZN12WPEFramework6Plugin8Resolver19ExtractBooleanFieldERKNS_4Core4JSON16VariantContainerEPKcb
FNDA:316,_ZN12WPEFramework6Plugin8Resolver24ExtractAdditionalContextERNS_4Core4JSON16VariantContainerEPKc
FNDA:0,_ZN12WPEFramework6Plugin8Resolver17CallThunderPluginERKNSt7__cxx1112basic_stringIcSt11char_traitsIcESaIcEEES9_RS7_
FNDA:6,_ZN12WPEFramework6Plugin8Resolver8HasEventERKNSt7__cxx1112basic_stringIcSt11char_traitsIcESaIcEEE
FNDA:1,_ZN12WPEFramework6Plugin8Resolver17HasIncludeContextERKNSt7__cxx1112basic_stringIcSt11char_traitsIcESaIcEEERNS_4Core4JSON7VariantE
FNDA:4,_ZN12WPEFramework6Plugin8Resolver23HasComRpcRequestSupportERKNSt7__cxx1112basic_stringIcSt11char_traitsIcESaIcEEE
FNDA:4,_ZN12WPEFramework6Plugin8Resolver18HasPermissionGroupERKNSt7__cxx1112basic_stringIcSt11char_traitsIcESaIcEEERS7_
FNDA:9,_ZN12WPEFramework6Plugin8ResolverC2EPNS_10PluginHost6IShellE
FNDA:9,_ZN12WPEFramework6Plugin8ResolverD2Ev
FNDA:14,_ZN12WPEFramework6Plugin8Resolver10LoadConfigERKNSt7__cxx1112basic_stringIcSt11char_traitsIcESaIcEEE
FNF:15
FNH:12
DA:34,9
DA:35,9
DA:37,9
DA:38,9
DA:40,9
DA:42,9
DA:43,9
DA:45,4
DA:46,4
DA:48,9
DA:50,14
DA:52,14
DA:53,14
DA:55,1
DA:56,1
DA:60,13
DA:61,13
DA:65,13
DA:66,13
DA:68,13
DA:70,1
DA:71,1
DA:73,1
DA:75,1
DA:79,12
DA:81,1
DA:82,1
DA:86,11
DA:87,11
DA:88,11
DA:91,11
DA:92,327
DA:94,316
DA:95,316
DA:97,316
DA:100,316
DA:101,316
DA:104,316
DA:105,316
DA:106,316
DA:107,316
DA:108,316
DA:109,316
DA:110,316
DA:112,316
DA:117,316
DA:119,1
DA:120,1
DA:123,316
DA:124,316
DA:125,316
DA:126,316
DA:128,11
DA:131,11
DA:132,14
DA:134,0
DA:136,0
DA:137,0
DA:138,0
DA:139,0
DA:141,8
DA:143,8
DA:144,16
DA:145,8
DA:147,6
DA:149,6
DA:150,6
DA:151,6
DA:152,6
DA:154,6
DA:156,0
DA:157,6
DA:159,0
DA:162,0
DA:164,0
DA:166,0
DA:167,0
DA:172,0
DA:173,0
DA:176,0
DA:178,0
DA:180,948
DA:182,948
DA:183,948
DA:185,491
DA:187,914
DA:188,948
DA:190,632
DA:192,632
DA:193,632
DA:195,187
DA:197,445
DA:198,632
DA:200,316
DA:202,316
DA:205,0
DA:207,0
DA:209,0
DA:210,0
DA:213,0
DA:215,0
DA:216,0
DA:219,0
DA:220,0
DA:223,0
DA:225,0
DA:227,0
DA:228,0
DA:231,0
DA:233,0
DA:234,0
DA:237,0
DA:238,0
DA:240,0
DA:241,0
DA:244,0
DA:245,0
DA:247,0
DA:250,0
DA:251,0
DA:253,6
DA:255,6
DA:256,6
DA:257,6
DA:258,6
DA:260,6
DA:262,0
DA:263,6
DA:265,1
DA:267,1
DA:268,1
DA:269,1
DA:270,1
DA:272,1
DA:273,1
DA:275,1
DA:277,0
DA:278,1
DA:280,4
DA:281,4
DA:282,4
DA:283,4
DA:284,4
DA:286,4
DA:288,0
DA:289,4
DA:291,4
DA:293,4
DA:294,4
DA:295,4
DA:296,4
DA:298,4
DA:299,4
DA:301,0
DA:302,4
LF:155
LH:111
end_of_record
TN:
SF:/home/kavia/workspace/code-generation/entservices-appgateway-34/AppGateway/Resolver.h
FN:41,45,_ZN12WPEFramework6Plugin15ConfigContainerC2Ev
FNDA:13,_ZN12WPEFramework6Plugin15ConfigContainerC2Ev
FNF:1
FNH:1
DA:41,13
DA:42,13
DA:44,13
DA:45,13
LF:4
LH:4
end_of_record
