TN:
SF:/home/kavia/workspace/code-generation/entservices-appgateway-34/AppGateway/AppGateway.cpp
FN:108,154,_ZN12WPEFramework6Plugin10AppGateway12DeinitializeEPNS_10PluginHost6IShellE
FN:156,164,_ZN12WPEFramework6Plugin10AppGateway11DeactivatedEPNS_3RPC17IRemoteConnectionE
FN:50,55,_ZN12WPEFramework6Plugin10AppGatewayC1Ev
FN:50,55,_ZN12WPEFramework6Plugin10AppGatewayC2Ev
FN:57,59,_ZN12WPEFramework6Plugin10AppGatewayD0Ev
FN:57,59,_ZN12WPEFramework6Plugin10AppGatewayD1Ev
FN:57,59,_ZN12WPEFramework6Plugin10AppGatewayD2Ev
FN:61,106,_ZN12WPEFramework6Plugin10AppGateway10InitializeB5cxx11EPNS_10PluginHost6IShellE
FNDA:0,_ZN12WPEFramework6Plugin10AppGateway12DeinitializeEPNS_10PluginHost6IShellE
FNDA:0,_ZN12WPEFramework6Plugin10AppGateway11DeactivatedEPNS_3RPC17IRemoteConnectionE
FNDA:0,_ZN12WPEFramework6Plugin10AppGatewayC1Ev
FNDA:0,_ZN12WPEFramework6Plugin10AppGatewayC2Ev
FNDA:0,_ZN12WPEFramework6Plugin10AppGatewayD0Ev
FNDA:0,_ZN12WPEFramework6Plugin10AppGatewayD1Ev
FNDA:0,_ZN12WPEFramework6Plugin10AppGatewayD2Ev
FNDA:0,_ZN12WPEFramework6Plugin10AppGateway10InitializeB5cxx11EPNS_10PluginHost6IShellE
FNF:8
FNH:0
DA:50,0
DA:51,0
DA:54,0
DA:55,0
DA:57,0
DA:59,0
DA:61,0
DA:63,0
DA:64,0
DA:65,0
DA:67,0
DA:69,0
DA:70,0
DA:71,0
DA:73,0
DA:74,0
DA:75,0
DA:76,0
DA:77,0
DA:81,0
DA:85,0
DA:88,0
DA:89,0
DA:90,0
DA:91,0
DA:92,0
DA:93,0
DA:98,0
DA:103,0
DA:105,0
DA:108,0
DA:110,0
DA:112,0
DA:113,0
DA:115,0
DA:116,0
DA:119,0
DA:120,0
DA:121,0
DA:126,0
DA:129,0
DA:130,0
DA:131,0
DA:132,0
DA:137,0
DA:141,0
DA:147,0
DA:148,0
DA:151,0
DA:152,0
DA:153,0
DA:154,0
DA:156,0
DA:158,0
DA:160,0
DA:162,0
DA:164,0
LF:57
LH:0
end_of_record
TN:
SF:/home/kavia/workspace/code-generation/entservices-appgateway-34/AppGateway/AppGateway.h
FN:52,52,_ZNK12WPEFramework6Plugin10AppGateway11InformationB5cxx11Ev
FN:54,59,_ZN12WPEFramework6Plugin10AppGateway14QueryInterfaceEj
FNDA:0,_ZNK12WPEFramework6Plugin10AppGateway11InformationB5cxx11Ev
FNDA:0,_ZN12WPEFramework6Plugin10AppGateway14QueryInterfaceEj
FNF:2
FNH:0
DA:52,0
DA:54,0
DA:55,0
DA:56,0
DA:57,0
DA:58,0
DA:59,0
LF:7
LH:0
end_of_record
TN:
SF:/home/kavia/workspace/code-generation/entservices-appgateway-34/AppGateway/AppGatewayImplementation.cpp
FN:102,109,_ZNK12WPEFramework6Plugin24RegionalResolutionConfig6Region8GetPathsB5cxx11Ev
FN:112,117,_ZN12WPEFramework6Plugin24RegionalResolutionConfigC2Ev
FN:118,118,_ZN12WPEFramework6Plugin24RegionalResolutionConfigD0Ev
FN:118,118,_ZN12WPEFramework6Plugin24RegionalResolutionConfigD2Ev
FN:120,145,_ZNK12WPEFramework6Plugin24RegionalResolutionConfig18GetPathsForCountryERKNSt7__cxx1112basic_stringIcSt11char_traitsIcESaIcEEE
FN:152,161,_ZN12WPEFramework6Plugin24AppGatewayImplementationC1Ev
FN:152,161,_ZN12WPEFramework6Plugin24AppGatewayImplementationC2Ev
FN:163,199,_ZN12WPEFramework6Plugin24AppGatewayImplementationD0Ev
FN:163,199,_ZN12WPEFramework6Plugin24AppGatewayImplementationD1Ev
FN:163,199,_ZN12WPEFramework6Plugin24AppGatewayImplementationD2Ev
FN:201,214,_ZN12WPEFramework6Plugin24AppGatewayImplementation9ConfigureEPNS_10PluginHost6IShellE
FN:216,297,_ZN12WPEFramework6Plugin24AppGatewayImplementation18InitializeResolverEv
FN:299,337,_ZN12WPEFramework6Plugin24AppGatewayImplementation9ConfigureERKPNS_3RPC13IIteratorTypeINSt7__cxx1112basic_stringIcSt11char_traitsIcESaIcEEELj5EEE
FN:339,368,_ZN12WPEFramework6Plugin24AppGatewayImplementation27InternalResolutionConfigureEOSt6vectorINSt7__cxx1112basic_stringIcSt11char_traitsIcESaIcEEESaIS8_EE
FN:370,374,_ZN12WPEFramework6Plugin24AppGatewayImplementation7ResolveERKNS_8Exchange14GatewayContextERKNSt7__cxx1112basic_stringIcSt11char_traitsIcESaIcEEESD_SD_RSB_
FN:376,384,_ZN12WPEFramework6Plugin24AppGatewayImplementation15InternalResolveERKNS_8Exchange14GatewayContextERKNSt7__cxx1112basic_stringIcSt11char_traitsIcESaIcEEESD_SD_RSB_
FN:386,452,_ZN12WPEFramework6Plugin24AppGatewayImplementation17FetchResolvedDataERKNS_8Exchange14GatewayContextERKNSt7__cxx1112basic_stringIcSt11char_traitsIcESaIcEEESD_SD_RSB_
FN:454,487,_ZN12WPEFramework6Plugin24AppGatewayImplementation13UpdateContextERKNS_8Exchange14GatewayContextERKNSt7__cxx1112basic_stringIcSt11char_traitsIcESaIcEEESD_SD_RKb
FN:489,509,_ZN12WPEFramework6Plugin24AppGatewayImplementation20ProcessComRpcRequestERKNS_8Exchange14GatewayContextERKNSt7__cxx1112basic_stringIcSt11char_traitsIcESaIcEEESD_SD_SD_RSB_
FN:512,536,_ZN12WPEFramework6Plugin24AppGatewayImplementation15PreProcessEventERKNS_8Exchange14GatewayContextERKNSt7__cxx1112basic_stringIcSt11char_traitsIcESaIcEEESD_SD_SD_RSB_
FN:538,548,_ZN12WPEFramework6Plugin24AppGatewayImplementation11HandleEventERKNS_8Exchange14GatewayContextERKNSt7__cxx1112basic_stringIcSt11char_traitsIcESaIcEEESD_SD_b
FN:550,562,_ZN12WPEFramework6Plugin24AppGatewayImplementation20SendToLaunchDelegateERKNS_8Exchange14GatewayContextERKNSt7__cxx1112basic_stringIcSt11char_traitsIcESaIcEEE
FN:564,573,_ZN12WPEFramework6Plugin24AppGatewayImplementation28SetupAppGatewayAuthenticatorEv
FN:576,599,_ZN12WPEFramework6PluginL17ReadJsonStringKeyERKNSt7__cxx1112basic_stringIcSt11char_traitsIcESaIcEEES8_PKc
FN:601,618,_ZN12WPEFramework6Plugin24AppGatewayImplementation25ReadCountryFromConfigFileB5cxx11Ev
FN:62,67,_ZN12WPEFramework6Plugin24RegionalResolutionConfig6RegionC2Ev
FN:69,76,_ZN12WPEFramework6Plugin24RegionalResolutionConfig6RegionC2ERKS2_
FN:85,85,_ZN12WPEFramework6Plugin24RegionalResolutionConfig6RegionD0Ev
FN:85,85,_ZN12WPEFramework6Plugin24RegionalResolutionConfig6RegionD2Ev
FN:90,100,_ZNK12WPEFramework6Plugin24RegionalResolutionConfig6Region14HasCountryCodeERKNSt7__cxx1112basic_stringIcSt11char_traitsIcESaIcEEE
FNDA:0,_ZNK12WPEFramework6Plugin24RegionalResolutionConfig6Region8GetPathsB5cxx11Ev
FNDA:4,_ZN12WPEFramework6Plugin24RegionalResolutionConfigC2Ev
FNDA:0,_ZN12WPEFramework6Plugin24RegionalResolutionConfigD0Ev
FNDA:4,_ZN12WPEFramework6Plugin24RegionalResolutionConfigD2Ev
FNDA:0,_ZNK12WPEFramework6Plugin24RegionalResolutionConfig18GetPathsForCountryERKNSt7__cxx1112basic_stringIcSt11char_traitsIcESaIcEEE
FNDA:0,_ZN12WPEFramework6Plugin24AppGatewayImplementationC1Ev
FNDA:4,_ZN12WPEFramework6Plugin24AppGatewayImplementationC2Ev
FNDA:0,_ZN12WPEFramework6Plugin24AppGatewayImplementationD0Ev
FNDA:0,_ZN12WPEFramework6Plugin24AppGatewayImplementationD1Ev
FNDA:4,_ZN12WPEFramework6Plugin24AppGatewayImplementationD2Ev
FNDA:4,_ZN12WPEFramework6Plugin24AppGatewayImplementation9ConfigureEPNS_10PluginHost6IShellE
FNDA:4,_ZN12WPEFramework6Plugin24AppGatewayImplementation18InitializeResolverEv
FNDA:4,_ZN12WPEFramework6Plugin24AppGatewayImplementation9ConfigureERKPNS_3RPC13IIteratorTypeINSt7__cxx1112basic_stringIcSt11char_traitsIcESaIcEEELj5EEE
FNDA:8,_ZN12WPEFramework6Plugin24AppGatewayImplementation27InternalResolutionConfigureEOSt6vectorINSt7__cxx1112basic_stringIcSt11char_traitsIcESaIcEEESaIS8_EE
FNDA:4,_ZN12WPEFramework6Plugin24AppGatewayImplementation7ResolveERKNS_8Exchange14GatewayContextERKNSt7__cxx1112basic_stringIcSt11char_traitsIcESaIcEEESD_SD_RSB_
FNDA:4,_ZN12WPEFramework6Plugin24AppGatewayImplementation15InternalResolveERKNS_8Exchange14GatewayContextERKNSt7__cxx1112basic_stringIcSt11char_traitsIcESaIcEEESD_SD_RSB_
FNDA:4,_ZN12WPEFramework6Plugin24AppGatewayImplementation17FetchResolvedDataERKNS_8Exchange14GatewayContextERKNSt7__cxx1112basic_stringIcSt11char_traitsIcESaIcEEESD_SD_RSB_
FNDA:1,_ZN12WPEFramework6Plugin24AppGatewayImplementation13UpdateContextERKNS_8Exchange14GatewayContextERKNSt7__cxx1112basic_stringIcSt11char_traitsIcESaIcEEESD_SD_RKb
FNDA:2,_ZN12WPEFramework6Plugin24AppGatewayImplementation20ProcessComRpcRequestERKNS_8Exchange14GatewayContextERKNSt7__cxx1112basic_stringIcSt11char_traitsIcESaIcEEESD_SD_SD_RSB_
FNDA:2,_ZN12WPEFramework6Plugin24AppGatewayImplementation15PreProcessEventERKNS_8Exchange14GatewayContextERKNSt7__cxx1112basic_stringIcSt11char_traitsIcESaIcEEESD_SD_SD_RSB_
FNDA:0,_ZN12WPEFramework6Plugin24AppGatewayImplementation11HandleEventERKNS_8Exchange14GatewayContextERKNSt7__cxx1112basic_stringIcSt11char_traitsIcESaIcEEESD_SD_b
FNDA:4,_ZN12WPEFramework6Plugin24AppGatewayImplementation20SendToLaunchDelegateERKNS_8Exchange14GatewayContextERKNSt7__cxx1112basic_stringIcSt11char_traitsIcESaIcEEE
FNDA:0,_ZN12WPEFramework6Plugin24AppGatewayImplementation28SetupAppGatewayAuthenticatorEv
FNDA:0,_ZN12WPEFramework6PluginL17ReadJsonStringKeyERKNSt7__cxx1112basic_stringIcSt11char_traitsIcESaIcEEES8_PKc
FNDA:4,_ZN12WPEFramework6Plugin24AppGatewayImplementation25ReadCountryFromConfigFileB5cxx11Ev
FNDA:0,_ZN12WPEFramework6Plugin24RegionalResolutionConfig6RegionC2Ev
FNDA:0,_ZN12WPEFramework6Plugin24RegionalResolutionConfig6RegionC2ERKS2_
FNDA:0,_ZN12WPEFramework6Plugin24RegionalResolutionConfig6RegionD0Ev
FNDA:0,_ZN12WPEFramework6Plugin24RegionalResolutionConfig6RegionD2Ev
FNDA:0,_ZNK12WPEFramework6Plugin24RegionalResolutionConfig6Region14HasCountryCodeERKNSt7__cxx1112basic_stringIcSt11char_traitsIcESaIcEEE
FNF:30
FNH:16
DA:62,0
DA:63,0
DA:65,0
DA:66,0
DA:67,0
DA:69,0
DA:70,0
DA:71,0
DA:72,0
DA:74,0
DA:75,0
DA:76,0
DA:85,0
DA:90,0
DA:91,0
DA:92,0
DA:93,0
DA:95,0
DA:96,0
DA:98,0
DA:99,0
DA:102,0
DA:103,0
DA:104,0
DA:105,0
DA:106,0
DA:108,0
DA:109,0
DA:112,4
DA:113,4
DA:115,4
DA:116,4
DA:117,4
DA:118,4
DA:120,0
DA:121,0
DA:124,0
DA:125,0
DA:126,0
DA:127,0
DA:128,0
DA:129,0
DA:130,0
DA:135,0
DA:136,0
DA:137,0
DA:138,0
DA:140,0
DA:142,0
DA:144,0
DA:145,0
DA:152,4
DA:153,4
DA:154,4
DA:155,4
DA:156,4
DA:157,4
DA:158,4
DA:160,4
DA:161,4
DA:163,4
DA:165,4
DA:166,4
DA:168,4
DA:169,4
DA:172,4
DA:174,0
DA:175,0
DA:178,4
DA:180,0
DA:181,0
DA:184,4
DA:186,0
DA:187,0
DA:190,4
DA:192,0
DA:193,0
DA:198,4
DA:199,4
DA:201,4
DA:203,4
DA:204,4
DA:205,4
DA:206,4
DA:207,4
DA:209,4
DA:210,4
DA:211,0
DA:213,4
DA:216,4
DA:219,4
DA:220,0
DA:221,0
DA:222,0
DA:223,0
DA:226,4
DA:227,4
DA:228,4
DA:230,0
DA:234,4
DA:235,4
DA:236,4
DA:238,4
DA:240,4
DA:243,8
DA:244,4
DA:246,4
DA:247,4
DA:248,0
DA:249,0
DA:251,4
DA:252,4
DA:255,0
DA:256,0
DA:258,0
DA:260,0
DA:262,0
DA:263,0
DA:264,0
DA:265,0
DA:266,0
DA:267,0
DA:269,0
DA:270,0
DA:273,0
DA:274,0
DA:275,0
DA:279,0
DA:281,0
DA:282,0
DA:285,0
DA:286,0
DA:289,0
DA:290,0
DA:291,0
DA:292,0
DA:293,0
DA:296,0
DA:297,4
DA:299,4
DA:301,4
DA:303,4
DA:305,0
DA:306,0
DA:309,4
DA:311,0
DA:312,0
DA:318,4
DA:321,4
DA:322,8
DA:324,4
DA:325,4
DA:328,4
DA:330,0
DA:331,0
DA:334,4
DA:335,4
DA:337,4
DA:339,8
DA:341,8
DA:342,16
DA:344,8
DA:345,8
DA:347,8
DA:349,8
DA:350,8
DA:354,0
DA:359,8
DA:361,0
DA:362,0
DA:365,8
DA:366,8
DA:370,4
DA:372,4
DA:373,4
DA:376,4
DA:378,4
DA:379,4
DA:380,4
DA:381,4
DA:383,4
DA:386,4
DA:387,4
DA:388,4
DA:389,4
DA:391,0
DA:392,0
DA:393,0
DA:397,4
DA:399,0
DA:400,0
DA:401,0
DA:404,4
DA:406,4
DA:408,0
DA:409,0
DA:410,0
DA:413,4
DA:414,4
DA:415,0
DA:416,0
DA:417,0
DA:418,0
DA:419,0
DA:420,0
DA:421,0
DA:423,0
DA:424,0
DA:425,0
DA:426,0
DA:430,4
DA:432,4
DA:433,2
DA:434,2
DA:435,2
DA:438,0
DA:439,0
DA:441,0
DA:442,0
DA:443,0
DA:444,0
DA:446,0
DA:447,0
DA:450,0
DA:451,4
DA:452,4
DA:454,1
DA:456,1
DA:457,1
DA:458,1
DA:459,1
DA:460,1
DA:461,1
DA:464,0
DA:466,1
DA:467,1
DA:468,1
DA:469,1
DA:470,1
DA:471,1
DA:472,1
DA:473,1
DA:474,1
DA:475,0
DA:478,0
DA:479,0
DA:480,0
DA:481,0
DA:482,0
DA:483,0
DA:484,0
DA:485,1
DA:486,2
DA:487,1
DA:489,2
DA:490,2
DA:491,2
DA:492,2
DA:493,1
DA:494,1
DA:495,0
DA:496,0
DA:497,0
DA:500,1
DA:502,1
DA:503,1
DA:504,1
DA:505,1
DA:508,2
DA:512,2
DA:514,2
DA:515,2
DA:518,4
DA:519,0
DA:520,0
DA:521,0
DA:522,0
DA:523,0
DA:524,0
DA:525,0
DA:526,0
DA:527,2
DA:528,2
DA:529,2
DA:532,0
DA:533,0
DA:534,0
DA:536,2
DA:538,0
DA:539,0
DA:540,0
DA:541,0
DA:542,0
DA:543,0
DA:547,0
DA:550,4
DA:552,4
DA:553,8
DA:554,4
DA:555,4
DA:556,4
DA:560,0
DA:564,0
DA:565,0
DA:566,0
DA:567,0
DA:568,0
DA:569,0
DA:572,0
DA:576,0
DA:577,0
DA:578,0
DA:580,0
DA:581,0
DA:582,0
DA:583,0
DA:585,0
DA:586,0
DA:587,0
DA:588,0
DA:589,0
DA:590,0
DA:592,0
DA:593,0
DA:594,0
DA:596,0
DA:597,0
DA:598,0
DA:599,0
DA:601,4
DA:604,4
DA:605,8
LF:332
LH:149
end_of_record
TN:
SF:/home/kavia/workspace/code-generation/entservices-appgateway-34/AppGateway/AppGatewayImplementation.h
FN:106,118,_ZN12WPEFramework6Plugin24AppGatewayImplementation21ReturnMessageInSocketERKNS_8Exchange14GatewayContextENSt7__cxx1112basic_stringIcSt11char_traitsIcESaIcEEE
FN:47,50,_ZN12WPEFramework6Plugin24AppGatewayImplementation14QueryInterfaceEj
FN:64,71,_ZN12WPEFramework6Plugin24AppGatewayImplementation10RespondJobC2EPS1_RKNS_8Exchange14GatewayContextERKNSt7__cxx1112basic_stringIcSt11char_traitsIcESaIcEEESF_
FN:77,79,_ZN12WPEFramework6Plugin24AppGatewayImplementation10RespondJobD0Ev
FN:77,79,_ZN12WPEFramework6Plugin24AppGatewayImplementation10RespondJobD2Ev
FN:82,86,_ZN12WPEFramework6Plugin24AppGatewayImplementation10RespondJob6CreateEPS1_RKNS_8Exchange14GatewayContextERKNSt7__cxx1112basic_stringIcSt11char_traitsIcESaIcEEESF_
FN:87,95,_ZN12WPEFramework6Plugin24AppGatewayImplementation10RespondJob8DispatchEv
FNDA:0,_ZN12WPEFramework6Plugin24AppGatewayImplementation21ReturnMessageInSocketERKNS_8Exchange14GatewayContextENSt7__cxx1112basic_stringIcSt11char_traitsIcESaIcEEE
FNDA:0,_ZN12WPEFramework6Plugin24AppGatewayImplementation14QueryInterfaceEj
FNDA:4,_ZN12WPEFramework6Plugin24AppGatewayImplementation10RespondJobC2EPS1_RKNS_8Exchange14GatewayContextERKNSt7__cxx1112basic_stringIcSt11char_traitsIcESaIcEEESF_
FNDA:0,_ZN12WPEFramework6Plugin24AppGatewayImplementation10RespondJobD0Ev
FNDA:4,_ZN12WPEFramework6Plugin24AppGatewayImplementation10RespondJobD2Ev
FNDA:4,_ZN12WPEFramework6Plugin24AppGatewayImplementation10RespondJob6CreateEPS1_RKNS_8Exchange14GatewayContextERKNSt7__cxx1112basic_stringIcSt11char_traitsIcESaIcEEESF_
FNDA:4,_ZN12WPEFramework6Plugin24AppGatewayImplementation10RespondJob8DispatchEv
FNF:7
FNH:4
DA:47,0
DA:48,0
DA:49,0
DA:50,0
DA:64,4
DA:69,4
DA:71,4
DA:77,4
DA:78,12
DA:79,4
DA:82,4
DA:85,4
DA:87,4
DA:89,4
DA:90,0
DA:92,4
DA:95,4
DA:106,0
DA:107,0
DA:108,0
DA:111,0
DA:112,0
DA:113,0
DA:115,0
DA:116,0
LF:25
LH:12
end_of_record
TN:
SF:/home/kavia/workspace/code-generation/entservices-appgateway-34/AppGateway/AppGatewayResponderImplementation.cpp
FN:110,113,_ZZN12WPEFramework6Plugin33AppGatewayResponderImplementation19InitializeWebsocketEvENKUlRKNSt7__cxx1112basic_stringIcSt11char_traitsIcESaIcEEES9_ijE_clES9_S9_ij
FN:116,158,_ZZN12WPEFramework6Plugin33AppGatewayResponderImplementation19InitializeWebsocketEvENKUljRKNSt7__cxx1112basic_stringIcSt11char_traitsIcESaIcEEEE_clEjS9_
FN:161,182,_ZZN12WPEFramework6Plugin33AppGatewayResponderImplementation19InitializeWebsocketEvENKUljE_clEj
FN:188,192,_ZN12WPEFramework6Plugin33AppGatewayResponderImplementation7RespondERKNS_8Exchange14GatewayContextERKNSt7__cxx1112basic_stringIcSt11char_traitsIcESaIcEEE
FN:194,204,_ZN12WPEFramework6Plugin33AppGatewayResponderImplementation4EmitERKNS_8Exchange14GatewayContextERKNSt7__cxx1112basic_stringIcSt11char_traitsIcESaIcEEESD_
FN:206,210,_ZN12WPEFramework6Plugin33AppGatewayResponderImplementation7RequestEjjRKNSt7__cxx1112basic_stringIcSt11char_traitsIcESaIcEEES9_
FN:212,217,_ZN12WPEFramework6Plugin33AppGatewayResponderImplementation27GetGatewayConnectionContextEjRKNSt7__cxx1112basic_stringIcSt11char_traitsIcESaIcEEERS7_
FN:220,258,_ZN12WPEFramework6Plugin33AppGatewayResponderImplementation13DispatchWsMsgERKNSt7__cxx1112basic_stringIcSt11char_traitsIcESaIcEEES9_jj
FN:261,276,_ZN12WPEFramework6Plugin33AppGatewayResponderImplementation8RegisterEPNS_8Exchange20IAppGatewayResponder13INotificationE
FN:278,301,_ZN12WPEFramework6Plugin33AppGatewayResponderImplementation10UnregisterEPNS_8Exchange20IAppGatewayResponder13INotificationE
FN:303,315,_ZN12WPEFramework6Plugin33AppGatewayResponderImplementation25OnConnectionStatusChangedERKNSt7__cxx1112basic_stringIcSt11char_traitsIcESaIcEEEjb
FN:41,57,_ZN12WPEFramework6Plugin33AppGatewayResponderImplementationC1Ev
FN:41,57,_ZN12WPEFramework6Plugin33AppGatewayResponderImplementationC2Ev
FN:59,80,_ZN12WPEFramework6Plugin33AppGatewayResponderImplementationD0Ev
FN:59,80,_ZN12WPEFramework6Plugin33AppGatewayResponderImplementationD1Ev
FN:59,80,_ZN12WPEFramework6Plugin33AppGatewayResponderImplementationD2Ev
FN:82,92,_ZN12WPEFramework6Plugin33AppGatewayResponderImplementation9ConfigureEPNS_10PluginHost6IShellE
FN:94,186,_ZN12WPEFramework6Plugin33AppGatewayResponderImplementation19InitializeWebsocketEv
FNDA:0,_ZZN12WPEFramework6Plugin33AppGatewayResponderImplementation19InitializeWebsocketEvENKUlRKNSt7__cxx1112basic_stringIcSt11char_traitsIcESaIcEEES9_ijE_clES9_S9_ij
FNDA:0,_ZZN12WPEFramework6Plugin33AppGatewayResponderImplementation19InitializeWebsocketEvENKUljRKNSt7__cxx1112basic_stringIcSt11char_traitsIcESaIcEEEE_clEjS9_
FNDA:0,_ZZN12WPEFramework6Plugin33AppGatewayResponderImplementation19InitializeWebsocketEvENKUljE_clEj
FNDA:0,_ZN12WPEFramework6Plugin33AppGatewayResponderImplementation7RespondERKNS_8Exchange14GatewayContextERKNSt7__cxx1112basic_stringIcSt11char_traitsIcESaIcEEE
FNDA:0,_ZN12WPEFramework6Plugin33AppGatewayResponderImplementation4EmitERKNS_8Exchange14GatewayContextERKNSt7__cxx1112basic_stringIcSt11char_traitsIcESaIcEEESD_
FNDA:0,_ZN12WPEFramework6Plugin33AppGatewayResponderImplementation7RequestEjjRKNSt7__cxx1112basic_stringIcSt11char_traitsIcESaIcEEES9_
FNDA:0,_ZN12WPEFramework6Plugin33AppGatewayResponderImplementation27GetGatewayConnectionContextEjRKNSt7__cxx1112basic_stringIcSt11char_traitsIcESaIcEEERS7_
FNDA:0,_ZN12WPEFramework6Plugin33AppGatewayResponderImplementation13DispatchWsMsgERKNSt7__cxx1112basic_stringIcSt11char_traitsIcESaIcEEES9_jj
FNDA:0,_ZN12WPEFramework6Plugin33AppGatewayResponderImplementation8RegisterEPNS_8Exchange20IAppGatewayResponder13INotificationE
FNDA:0,_ZN12WPEFramework6Plugin33AppGatewayResponderImplementation10UnregisterEPNS_8Exchange20IAppGatewayResponder13INotificationE
FNDA:0,_ZN12WPEFramework6Plugin33AppGatewayResponderImplementation25OnConnectionStatusChangedERKNSt7__cxx1112basic_stringIcSt11char_traitsIcESaIcEEEjb
FNDA:0,_ZN12WPEFramework6Plugin33AppGatewayResponderImplementationC1Ev
FNDA:0,_ZN12WPEFramework6Plugin33AppGatewayResponderImplementationC2Ev
FNDA:0,_ZN12WPEFramework6Plugin33AppGatewayResponderImplementationD0Ev
FNDA:0,_ZN12WPEFramework6Plugin33AppGatewayResponderImplementationD1Ev
FNDA:0,_ZN12WPEFramework6Plugin33AppGatewayResponderImplementationD2Ev
FNDA:0,_ZN12WPEFramework6Plugin33AppGatewayResponderImplementation9ConfigureEPNS_10PluginHost6IShellE
FNDA:0,_ZN12WPEFramework6Plugin33AppGatewayResponderImplementation19InitializeWebsocketEv
FNF:18
FNH:0
DA:41,0
DA:42,0
DA:43,0
DA:44,0
DA:45,0
DA:46,0
DA:47,0
DA:49,0
DA:57,0
DA:59,0
DA:61,0
DA:62,0
DA:64,0
DA:65,0
DA:68,0
DA:70,0
DA:71,0
DA:74,0
DA:76,0
DA:77,0
DA:80,0
DA:82,0
DA:84,0
DA:85,0
DA:86,0
DA:87,0
DA:88,0
DA:89,0
DA:91,0
DA:94,0
DA:96,0
DA:97,0
DA:98,0
DA:99,0
DA:101,0
DA:106,0
DA:107,0
DA:108,0
DA:109,0
DA:110,0
DA:112,0
DA:113,0
DA:115,0
DA:116,0
DA:118,0
DA:119,0
DA:121,0
DA:122,0
DA:125,0
DA:126,0
DA:127,0
DA:129,0
DA:131,0
DA:132,0
DA:133,0
DA:137,0
DA:138,0
DA:139,0
DA:140,0
DA:141,0
DA:152,0
DA:154,0
DA:157,0
DA:158,0
DA:160,0
DA:161,0
DA:163,0
DA:164,0
DA:165,0
DA:166,0
DA:168,0
DA:169,0
DA:172,0
DA:173,0
DA:174,0
DA:175,0
DA:176,0
DA:177,0
DA:179,0
DA:180,0
DA:182,0
DA:184,0
DA:185,0
DA:186,0
DA:188,0
DA:190,0
DA:191,0
DA:194,0
DA:197,0
DA:198,0
DA:201,0
DA:203,0
DA:206,0
DA:208,0
DA:209,0
DA:212,0
DA:216,0
DA:220,0
DA:225,0
DA:226,0
DA:228,0
DA:230,0
DA:231,0
DA:239,0
DA:241,0
DA:242,0
DA:245,0
DA:246,0
DA:247,0
DA:250,0
DA:251,0
DA:252,0
DA:254,0
DA:255,0
DA:256,0
DA:258,0
DA:261,0
DA:263,0
DA:265,0
DA:268,0
DA:270,0
DA:271,0
DA:272,0
DA:275,0
DA:276,0
DA:278,0
DA:280,0
DA:282,0
DA:284,0
DA:287,0
DA:288,0
DA:290,0
DA:291,0
DA:292,0
DA:293,0
DA:297,0
DA:300,0
DA:301,0
DA:303,0
DA:305,0
DA:306,0
DA:308,0
DA:315,0
LF:143
LH:0
end_of_record
TN:
SF:/home/kavia/workspace/code-generation/entservices-appgateway-34/AppGateway/AppGatewayResponderImplementation.h
FN:115,122,_ZN12WPEFramework6Plugin33AppGatewayResponderImplementation10RespondJobC2EPS1_jjRKNSt7__cxx1112basic_stringIcSt11char_traitsIcESaIcEEE
FN:128,130,_ZN12WPEFramework6Plugin33AppGatewayResponderImplementation10RespondJobD0Ev
FN:128,130,_ZN12WPEFramework6Plugin33AppGatewayResponderImplementation10RespondJobD2Ev
FN:133,137,_ZN12WPEFramework6Plugin33AppGatewayResponderImplementation10RespondJob6CreateEPS1_jjRKNSt7__cxx1112basic_stringIcSt11char_traitsIcESaIcEEE
FN:138,141,_ZN12WPEFramework6Plugin33AppGatewayResponderImplementation10RespondJob8DispatchEv
FN:153,160,_ZN12WPEFramework6Plugin33AppGatewayResponderImplementation7EmitJobC2EPS1_jRKNSt7__cxx1112basic_stringIcSt11char_traitsIcESaIcEEESB_
FN:166,168,_ZN12WPEFramework6Plugin33AppGatewayResponderImplementation7EmitJobD0Ev
FN:166,168,_ZN12WPEFramework6Plugin33AppGatewayResponderImplementation7EmitJobD2Ev
FN:171,175,_ZN12WPEFramework6Plugin33AppGatewayResponderImplementation7EmitJob6CreateEPS1_jRKNSt7__cxx1112basic_stringIcSt11char_traitsIcESaIcEEESB_
FN:176,179,_ZN12WPEFramework6Plugin33AppGatewayResponderImplementation7EmitJob8DispatchEv
FN:191,199,_ZN12WPEFramework6Plugin33AppGatewayResponderImplementation10RequestJobC2EPS1_jjRKNSt7__cxx1112basic_stringIcSt11char_traitsIcESaIcEEESB_
FN:205,207,_ZN12WPEFramework6Plugin33AppGatewayResponderImplementation10RequestJobD0Ev
FN:205,207,_ZN12WPEFramework6Plugin33AppGatewayResponderImplementation10RequestJobD2Ev
FN:210,214,_ZN12WPEFramework6Plugin33AppGatewayResponderImplementation10RequestJob6CreateEPS1_jjRKNSt7__cxx1112basic_stringIcSt11char_traitsIcESaIcEEESB_
FN:215,218,_ZN12WPEFramework6Plugin33AppGatewayResponderImplementation10RequestJob8DispatchEv
FN:231,238,_ZN12WPEFramework6Plugin33AppGatewayResponderImplementation31ConnectionStatusNotificationJobC2EPS1_jRKNSt7__cxx1112basic_stringIcSt11char_traitsIcESaIcEEEb
FN:244,246,_ZN12WPEFramework6Plugin33AppGatewayResponderImplementation31ConnectionStatusNotificationJobD0Ev
FN:244,246,_ZN12WPEFramework6Plugin33AppGatewayResponderImplementation31ConnectionStatusNotificationJobD2Ev
FN:249,253,_ZN12WPEFramework6Plugin33AppGatewayResponderImplementation31ConnectionStatusNotificationJob6CreateEPS1_jRKNSt7__cxx1112basic_stringIcSt11char_traitsIcESaIcEEEb
FN:254,257,_ZN12WPEFramework6Plugin33AppGatewayResponderImplementation31ConnectionStatusNotificationJob8DispatchEv
FN:269,272,_ZN12WPEFramework6Plugin33AppGatewayResponderImplementation13AppIdRegistry3AddEjRKNSt7__cxx1112basic_stringIcSt11char_traitsIcESaIcEEE
FN:274,277,_ZN12WPEFramework6Plugin33AppGatewayResponderImplementation13AppIdRegistry6RemoveEj
FN:279,287,_ZN12WPEFramework6Plugin33AppGatewayResponderImplementation13AppIdRegistry3GetEjRNSt7__cxx1112basic_stringIcSt11char_traitsIcESaIcEEE
FN:303,315,_ZN12WPEFramework6Plugin33AppGatewayResponderImplementation24CompliantJsonRpcRegistry27CheckAndAddCompliantJsonRpcEjRKNSt7__cxx1112basic_stringIcSt11char_traitsIcESaIcEEE
FN:317,320,_ZN12WPEFramework6Plugin33AppGatewayResponderImplementation24CompliantJsonRpcRegistry18IsCompliantJsonRpcEj
FN:322,328,_ZN12WPEFramework6Plugin33AppGatewayResponderImplementation24CompliantJsonRpcRegistry19CleanupConnectionIdEj
FN:342,350,_ZN12WPEFramework6Plugin33AppGatewayResponderImplementation21ReturnMessageInSocketEjiNSt7__cxx1112basic_stringIcSt11char_traitsIcESaIcEEE
FN:48,51,_ZN12WPEFramework6Plugin33AppGatewayResponderImplementation14QueryInterfaceEj
FN:75,82,_ZN12WPEFramework6Plugin33AppGatewayResponderImplementation8WsMsgJobC2EPS1_RKNSt7__cxx1112basic_stringIcSt11char_traitsIcESaIcEEESB_jj
FN:88,90,_ZN12WPEFramework6Plugin33AppGatewayResponderImplementation8WsMsgJobD0Ev
FN:88,90,_ZN12WPEFramework6Plugin33AppGatewayResponderImplementation8WsMsgJobD2Ev
FN:93,98,_ZN12WPEFramework6Plugin33AppGatewayResponderImplementation8WsMsgJob6CreateEPS1_RKNSt7__cxx1112basic_stringIcSt11char_traitsIcESaIcEEESB_jj
FN:99,102,_ZN12WPEFramework6Plugin33AppGatewayResponderImplementation8WsMsgJob8DispatchEv
FNDA:0,_ZN12WPEFramework6Plugin33AppGatewayResponderImplementation10RespondJobC2EPS1_jjRKNSt7__cxx1112basic_stringIcSt11char_traitsIcESaIcEEE
FNDA:0,_ZN12WPEFramework6Plugin33AppGatewayResponderImplementation10RespondJobD0Ev
FNDA:0,_ZN12WPEFramework6Plugin33AppGatewayResponderImplementation10RespondJobD2Ev
FNDA:0,_ZN12WPEFramework6Plugin33AppGatewayResponderImplementation10RespondJob6CreateEPS1_jjRKNSt7__cxx1112basic_stringIcSt11char_traitsIcESaIcEEE
FNDA:0,_ZN12WPEFramework6Plugin33AppGatewayResponderImplementation10RespondJob8DispatchEv
FNDA:0,_ZN12WPEFramework6Plugin33AppGatewayResponderImplementation7EmitJobC2EPS1_jRKNSt7__cxx1112basic_stringIcSt11char_traitsIcESaIcEEESB_
FNDA:0,_ZN12WPEFramework6Plugin33AppGatewayResponderImplementation7EmitJobD0Ev
FNDA:0,_ZN12WPEFramework6Plugin33AppGatewayResponderImplementation7EmitJobD2Ev
FNDA:0,_ZN12WPEFramework6Plugin33AppGatewayResponderImplementation7EmitJob6CreateEPS1_jRKNSt7__cxx1112basic_stringIcSt11char_traitsIcESaIcEEESB_
FNDA:0,_ZN12WPEFramework6Plugin33AppGatewayResponderImplementation7EmitJob8DispatchEv
FNDA:0,_ZN12WPEFramework6Plugin33AppGatewayResponderImplementation10RequestJobC2EPS1_jjRKNSt7__cxx1112basic_stringIcSt11char_traitsIcESaIcEEESB_
FNDA:0,_ZN12WPEFramework6Plugin33AppGatewayResponderImplementation10RequestJobD0Ev
FNDA:0,_ZN12WPEFramework6Plugin33AppGatewayResponderImplementation10RequestJobD2Ev
FNDA:0,_ZN12WPEFramework6Plugin33AppGatewayResponderImplementation10RequestJob6CreateEPS1_jjRKNSt7__cxx1112basic_stringIcSt11char_traitsIcESaIcEEESB_
FNDA:0,_ZN12WPEFramework6Plugin33AppGatewayResponderImplementation10RequestJob8DispatchEv
FNDA:0,_ZN12WPEFramework6Plugin33AppGatewayResponderImplementation31ConnectionStatusNotificationJobC2EPS1_jRKNSt7__cxx1112basic_stringIcSt11char_traitsIcESaIcEEEb
FNDA:0,_ZN12WPEFramework6Plugin33AppGatewayResponderImplementation31ConnectionStatusNotificationJobD0Ev
FNDA:0,_ZN12WPEFramework6Plugin33AppGatewayResponderImplementation31ConnectionStatusNotificationJobD2Ev
FNDA:0,_ZN12WPEFramework6Plugin33AppGatewayResponderImplementation31ConnectionStatusNotificationJob6CreateEPS1_jRKNSt7__cxx1112basic_stringIcSt11char_traitsIcESaIcEEEb
FNDA:0,_ZN12WPEFramework6Plugin33AppGatewayResponderImplementation31ConnectionStatusNotificationJob8DispatchEv
FNDA:0,_ZN12WPEFramework6Plugin33AppGatewayResponderImplementation13AppIdRegistry3AddEjRKNSt7__cxx1112basic_stringIcSt11char_traitsIcESaIcEEE
FNDA:0,_ZN12WPEFramework6Plugin33AppGatewayResponderImplementation13AppIdRegistry6RemoveEj
FNDA:0,_ZN12WPEFramework6Plugin33AppGatewayResponderImplementation13AppIdRegistry3GetEjRNSt7__cxx1112basic_stringIcSt11char_traitsIcESaIcEEE
FNDA:0,_ZN12WPEFramework6Plugin33AppGatewayResponderImplementation24CompliantJsonRpcRegistry27CheckAndAddCompliantJsonRpcEjRKNSt7__cxx1112basic_stringIcSt11char_traitsIcESaIcEEE
FNDA:0,_ZN12WPEFramework6Plugin33AppGatewayResponderImplementation24CompliantJsonRpcRegistry18IsCompliantJsonRpcEj
FNDA:0,_ZN12WPEFramework6Plugin33AppGatewayResponderImplementation24CompliantJsonRpcRegistry19CleanupConnectionIdEj
FNDA:0,_ZN12WPEFramework6Plugin33AppGatewayResponderImplementation21ReturnMessageInSocketEjiNSt7__cxx1112basic_stringIcSt11char_traitsIcESaIcEEE
FNDA:0,_ZN12WPEFramework6Plugin33AppGatewayResponderImplementation14QueryInterfaceEj
FNDA:0,_ZN12WPEFramework6Plugin33AppGatewayResponderImplementation8WsMsgJobC2EPS1_RKNSt7__cxx1112basic_stringIcSt11char_traitsIcESaIcEEESB_jj
FNDA:0,_ZN12WPEFramework6Plugin33AppGatewayResponderImplementation8WsMsgJobD0Ev
FNDA:0,_ZN12WPEFramework6Plugin33AppGatewayResponderImplementation8WsMsgJobD2Ev
FNDA:0,_ZN12WPEFramework6Plugin33AppGatewayResponderImplementation8WsMsgJob6CreateEPS1_RKNSt7__cxx1112basic_stringIcSt11char_traitsIcESaIcEEESB_jj
FNDA:0,_ZN12WPEFramework6Plugin33AppGatewayResponderImplementation8WsMsgJob8DispatchEv
FNF:33
FNH:0
DA:48,0
DA:49,0
DA:50,0
DA:51,0
DA:75,0
DA:80,0
DA:82,0
DA:88,0
DA:89,0
DA:90,0
DA:93,0
DA:97,0
DA:99,0
DA:101,0
DA:102,0
DA:115,0
DA:120,0
DA:122,0
DA:128,0
DA:129,0
DA:130,0
DA:133,0
DA:136,0
DA:138,0
DA:140,0
DA:141,0
DA:153,0
DA:158,0
DA:160,0
DA:166,0
DA:167,0
DA:168,0
DA:171,0
DA:174,0
DA:176,0
DA:178,0
DA:179,0
DA:191,0
DA:197,0
DA:199,0
DA:205,0
DA:206,0
DA:207,0
DA:210,0
DA:213,0
DA:215,0
DA:217,0
DA:218,0
DA:231,0
DA:236,0
DA:238,0
DA:244,0
DA:245,0
DA:246,0
DA:249,0
DA:252,0
DA:254,0
DA:256,0
DA:257,0
DA:269,0
DA:270,0
DA:271,0
DA:272,0
DA:274,0
DA:275,0
DA:276,0
DA:277,0
DA:279,0
DA:280,0
DA:281,0
DA:282,0
DA:283,0
DA:284,0
DA:286,0
DA:287,0
DA:303,0
DA:305,0
DA:306,0
DA:307,0
DA:309,0
DA:310,0
DA:311,0
DA:312,0
DA:313,0
DA:315,0
DA:317,0
DA:318,0
DA:319,0
DA:320,0
DA:322,0
DA:323,0
DA:324,0
DA:325,0
DA:326,0
DA:328,0
DA:342,0
DA:343,0
DA:344,0
DA:349,0
DA:350,0
LF:100
LH:0
end_of_record
TN:
SF:/home/kavia/workspace/code-generation/entservices-appgateway-34/AppGateway/Module.cpp
FN:22,22,ModuleBuildRef
FN:22,22,ModuleServiceMetadata
FNDA:0,ModuleBuildRef
FNDA:0,ModuleServiceMetadata
FNF:2
FNH:0
DA:22,0
LF:1
LH:0
end_of_record
TN:
SF:/home/kavia/workspace/code-generation/entservices-appgateway-34/AppGateway/Resolver.cpp
FN:134,139,_ZN12WPEFramework6Plugin8Resolver16ClearResolutionsEv
FN:141,145,_ZN12WPEFramework6Plugin8Resolver12IsConfiguredEv
FN:147,157,_ZN12WPEFramework6Plugin8Resolver12ResolveAliasERKNSt7__cxx1112basic_stringIcSt11char_traitsIcESaIcEEE
FN:159,178,_ZN12WPEFramework6Plugin8Resolver10ParseAliasERKNSt7__cxx1112basic_stringIcSt11char_traitsIcESaIcEEERS7_SA_
FN:180,188,_ZN12WPEFramework6Plugin8Resolver18ExtractStringFieldB5cxx11ERKNS_4Core4JSON16VariantContainerEPKc
FN:190,198,_ZN12WPEFramework6Plugin8Resolver19ExtractBooleanFieldERKNS_4Core4JSON16VariantContainerEPKcb
FN:200,203,_ZN12WPEFramework6Plugin8Resolver24ExtractAdditionalContextERNS_4Core4JSON16VariantContainerEPKc
FN:205,251,_ZN12WPEFramework6Plugin8Resolver17CallThunderPluginERKNSt7__cxx1112basic_stringIcSt11char_traitsIcESaIcEEES9_RS7_
FN:253,263,_ZN12WPEFramework6Plugin8Resolver8HasEventERKNSt7__cxx1112basic_stringIcSt11char_traitsIcESaIcEEE
FN:265,278,_ZN12WPEFramework6Plugin8Resolver17HasIncludeContextERKNSt7__cxx1112basic_stringIcSt11char_traitsIcESaIcEEERNS_4Core4JSON7VariantE
FN:280,289,_ZN12WPEFramework6Plugin8Resolver23HasComRpcRequestSupportERKNSt7__cxx1112basic_stringIcSt11char_traitsIcESaIcEEE
FN:291,302,_ZN12WPEFramework6Plugin8Resolver18HasPermissionGroupERKNSt7__cxx1112basic_stringIcSt11char_traitsIcESaIcEEERS7_
FN:34,38,_ZN12WPEFramework6Plugin8ResolverC2EPNS_10PluginHost6IShellE
FN:40,48,_ZN12WPEFramework6Plugin8ResolverD2Ev
FN:50,132,_ZN12WPEFramework6Plugin8Resolver10LoadConfigERKNSt7__cxx1112basic_stringIcSt11char_traitsIcESaIcEEE
FNDA:0,_ZN12WPEFramework6Plugin8Resolver16ClearResolutionsEv
FNDA:8,_ZN12WPEFramework6Plugin8Resolver12IsConfiguredEv
FNDA:6,_ZN12WPEFramework6Plugin8Resolver12ResolveAliasERKNSt7__cxx1112basic_stringIcSt11char_traitsIcESaIcEEE
FNDA:0,_ZN12WPEFramework6Plugin8Resolver10ParseAliasERKNSt7__cxx1112basic_stringIcSt11char_traitsIcESaIcEEERS7_SA_
FNDA:948,_ZN12WPEFramework6Plugin8Resolver18ExtractStringFieldB5cxx11ERKNS_4Core4JSON16VariantContainerEPKc
FNDA:632,_ZN12WPEFramework6Plugin8Resolver19ExtractBooleanFieldERKNS_4Core4JSON16VariantContainerEPKcb
FNDA:316,_ZN12WPEFramework6Plugin8Resolver24ExtractAdditionalContextERNS_4Core4JSON16VariantContainerEPKc
FNDA:0,_ZN12WPEFramework6Plugin8Resolver17CallThunderPluginERKNSt7__cxx1112basic_stringIcSt11char_traitsIcESaIcEEES9_RS7_
FNDA:6,_ZN12WPEFramework6Plugin8Resolver8HasEventERKNSt7__cxx1112basic_stringIcSt11char_traitsIcESaIcEEE
FNDA:1,_ZN12WPEFramework6Plugin8Resolver17HasIncludeContextERKNSt7__cxx1112basic_stringIcSt11char_traitsIcESaIcEEERNS_4Core4JSON7VariantE
FNDA:4,_ZN12WPEFramework6Plugin8Resolver23HasComRpcRequestSupportERKNSt7__cxx1112basic_stringIcSt11char_traitsIcESaIcEEE
FNDA:4,_ZN12WPEFramework6Plugin8Resolver18HasPermissionGroupERKNSt7__cxx1112basic_stringIcSt11char_traitsIcESaIcEEERS7_
FNDA:9,_ZN12WPEFramework6Plugin8ResolverC2EPNS_10PluginHost6IShellE
FNDA:9,_ZN12WPEFramework6Plugin8ResolverD2Ev
FNDA:14,_ZN12WPEFramework6Plugin8Resolver10LoadConfigERKNSt7__cxx1112basic_stringIcSt11char_traitsIcESaIcEEE
FNF:15
FNH:12
DA:34,9
DA:35,9
DA:37,9
DA:38,9
DA:40,9
DA:42,9
DA:43,9
DA:45,4
DA:46,4
DA:48,9
DA:50,14
DA:52,14
DA:53,14
DA:55,1
DA:56,1
DA:60,13
DA:61,13
DA:65,13
DA:66,13
DA:68,13
DA:70,1
DA:71,1
DA:73,1
DA:75,1
DA:79,12
DA:81,1
DA:82,1
DA:86,11
DA:87,11
DA:88,11
DA:91,11
DA:92,327
DA:94,316
DA:95,316
DA:97,316
DA:100,316
DA:101,316
DA:104,316
DA:105,316
DA:106,316
DA:107,316
DA:108,316
DA:109,316
DA:110,316
DA:112,316
DA:117,316
DA:119,1
DA:120,1
DA:123,316
DA:124,316
DA:125,316
DA:126,316
DA:128,11
DA:131,11
DA:132,14
DA:134,0
DA:136,0
DA:137,0
DA:138,0
DA:139,0
DA:141,8
DA:143,8
DA:144,16
DA:145,8
DA:147,6
DA:149,6
DA:150,6
DA:151,6
DA:152,6
DA:154,6
DA:156,0
DA:157,6
DA:159,0
DA:162,0
DA:164,0
DA:166,0
DA:167,0
DA:172,0
DA:173,0
DA:176,0
DA:178,0
DA:180,948
DA:182,948
DA:183,948
DA:185,491
DA:187,914
DA:188,948
DA:190,632
DA:192,632
DA:193,632
DA:195,187
DA:197,445
DA:198,632
DA:200,316
DA:202,316
DA:205,0
DA:207,0
DA:209,0
DA:210,0
DA:213,0
DA:215,0
DA:216,0
DA:219,0
DA:220,0
DA:223,0
DA:225,0
DA:227,0
DA:228,0
DA:231,0
DA:233,0
DA:234,0
DA:237,0
DA:238,0
DA:240,0
DA:241,0
DA:244,0
DA:245,0
DA:247,0
DA:250,0
DA:251,0
DA:253,6
DA:255,6
DA:256,6
DA:257,6
DA:258,6
DA:260,6
DA:262,0
DA:263,6
DA:265,1
DA:267,1
DA:268,1
DA:269,1
DA:270,1
DA:272,1
DA:273,1
DA:275,1
DA:277,0
DA:278,1
DA:280,4
DA:281,4
DA:282,4
DA:283,4
DA:284,4
DA:286,4
DA:288,0
DA:289,4
DA:291,4
DA:293,4
DA:294,4
DA:295,4
DA:296,4
DA:298,4
DA:299,4
DA:301,0
DA:302,4
LF:155
LH:111
end_of_record
TN:
SF:/home/kavia/workspace/code-generation/entservices-appgateway-34/AppGateway/Resolver.h
FN:41,45,_ZN12WPEFramework6Plugin15ConfigContainerC2Ev
FNDA:13,_ZN12WPEFramework6Plugin15ConfigContainerC2Ev
FNF:1
FNH:1
DA:41,13
DA:42,13
DA:44,13
DA:45,13
LF:4
LH:4
end_of_record
TN:
SF:/home/kavia/workspace/code-generation/entservices-appgateway-34/helpers/ContextUtils.h
FN:43,51,_ZN12ContextUtils38ConvertAppGatewayToNotificationContextERKN12WPEFramework8Exchange14GatewayContextERKNSt7__cxx1112basic_stringIcSt11char_traitsIcESaIcEEE
FN:53,55,_ZN12ContextUtils15IsOriginGatewayERKNSt7__cxx1112basic_stringIcSt11char_traitsIcESaIcEEE
FNDA:0,_ZN12ContextUtils38ConvertAppGatewayToNotificationContextERKN12WPEFramework8Exchange14GatewayContextERKNSt7__cxx1112basic_stringIcSt11char_traitsIcESaIcEEE
FNDA:4,_ZN12ContextUtils15IsOriginGatewayERKNSt7__cxx1112basic_stringIcSt11char_traitsIcESaIcEEE
FNF:2
FNH:1
DA:43,0
DA:44,0
DA:46,0
DA:47,0
DA:48,0
DA:49,0
DA:50,0
DA:51,0
DA:53,4
DA:54,4
LF:10
LH:2
end_of_record
TN:
SF:/home/kavia/workspace/code-generation/entservices-appgateway-34/helpers/ObjectUtils.h
FN:28,41,_ZN11ObjectUtils15HasBooleanEntryERKN12WPEFramework4Core4JSON16VariantContainerERKNSt7__cxx1112basic_stringIcSt11char_traitsIcESaIcEEERb
FNDA:2,_ZN11ObjectUtils15HasBooleanEntryERKN12WPEFramework4Core4JSON16VariantContainerERKNSt7__cxx1112basic_stringIcSt11char_traitsIcESaIcEEERb
FNF:1
FNH:1
DA:28,2
DA:29,2
DA:30,2
DA:32,0
DA:33,0
DA:34,0
DA:35,0
DA:37,0
DA:38,0
DA:40,0
LF:10
LH:3
end_of_record
TN:
SF:/home/kavia/workspace/code-generation/entservices-appgateway-34/helpers/StreamJSONOneShot.h
FN:104,110,_ZN12WPEFramework4Core21StreamJSONOneShotTypeINS_3Web9WebSocket20HWebSocketServerTypeINS0_12SocketStreamEEERN26WebSocketConnectionManager17JSONObjectFactoryENS0_4JSON8IElementEE16DeserializerImplC2ERSC_S9_
FN:112,114,_ZNK12WPEFramework4Core21StreamJSONOneShotTypeINS_3Web9WebSocket20HWebSocketServerTypeINS0_12SocketStreamEEERN26WebSocketConnectionManager17JSONObjectFactoryENS0_4JSON8IElementEE16DeserializerImpl6IsIdleEv
FN:117,137,_ZN12WPEFramework4Core21StreamJSONOneShotTypeINS_3Web9WebSocket20HWebSocketServerTypeINS0_12SocketStreamEEERN26WebSocketConnectionManager17JSONObjectFactoryENS0_4JSON8IElementEE16DeserializerImpl11DeserializeEPKht
FN:140,143,_ZN12WPEFramework4Core21StreamJSONOneShotTypeINS_3Web9WebSocket20HWebSocketServerTypeINS0_12SocketStreamEEERN26WebSocketConnectionManager17JSONObjectFactoryENS0_4JSON8IElementEE16DeserializerImpl11DeserializeERKNS0_9ProxyTypeISB_EEPKht
FN:169,172,_ZN12WPEFramework4Core21StreamJSONOneShotTypeINS_3Web9WebSocket20HWebSocketServerTypeINS0_12SocketStreamEEERN26WebSocketConnectionManager17JSONObjectFactoryENS0_4JSON8IElementEE11HandlerTypeC2IJbbbiNS0_6NodeIdEiiEEERSC_DpT_
FN:174,174,_ZN12WPEFramework4Core21StreamJSONOneShotTypeINS_3Web9WebSocket20HWebSocketServerTypeINS0_12SocketStreamEEERN26WebSocketConnectionManager17JSONObjectFactoryENS0_4JSON8IElementEE11HandlerTypeD0Ev
FN:174,174,_ZN12WPEFramework4Core21StreamJSONOneShotTypeINS_3Web9WebSocket20HWebSocketServerTypeINS0_12SocketStreamEEERN26WebSocketConnectionManager17JSONObjectFactoryENS0_4JSON8IElementEE11HandlerTypeD2Ev
FN:178,180,_ZN12WPEFramework4Core21StreamJSONOneShotTypeINS_3Web9WebSocket20HWebSocketServerTypeINS0_12SocketStreamEEERN26WebSocketConnectionManager17JSONObjectFactoryENS0_4JSON8IElementEE11HandlerType8SendDataEPht
FN:182,184,_ZN12WPEFramework4Core21StreamJSONOneShotTypeINS_3Web9WebSocket20HWebSocketServerTypeINS0_12SocketStreamEEERN26WebSocketConnectionManager17JSONObjectFactoryENS0_4JSON8IElementEE11HandlerType11ReceiveDataEPht
FN:186,188,_ZN12WPEFramework4Core21StreamJSONOneShotTypeINS_3Web9WebSocket20HWebSocketServerTypeINS0_12SocketStreamEEERN26WebSocketConnectionManager17JSONObjectFactoryENS0_4JSON8IElementEE11HandlerType11StateChangeEv
FN:190,192,_ZNK12WPEFramework4Core21StreamJSONOneShotTypeINS_3Web9WebSocket20HWebSocketServerTypeINS0_12SocketStreamEEERN26WebSocketConnectionManager17JSONObjectFactoryENS0_4JSON8IElementEE11HandlerType6IsIdleEv
FN:205,209,_ZN12WPEFramework4Core21StreamJSONOneShotTypeINS_3Web9WebSocket20HWebSocketServerTypeINS0_12SocketStreamEEERN26WebSocketConnectionManager17JSONObjectFactoryENS0_4JSON8IElementEEC2IJbbbiNS0_6NodeIdEiiEEEhS9_DpT_
FN:220,222,_ZN12WPEFramework4Core21StreamJSONOneShotTypeINS_3Web9WebSocket20HWebSocketServerTypeINS0_12SocketStreamEEERN26WebSocketConnectionManager17JSONObjectFactoryENS0_4JSON8IElementEED0Ev
FN:220,222,_ZN12WPEFramework4Core21StreamJSONOneShotTypeINS_3Web9WebSocket20HWebSocketServerTypeINS0_12SocketStreamEEERN26WebSocketConnectionManager17JSONObjectFactoryENS0_4JSON8IElementEED2Ev
FN:225,225,_ZN12WPEFramework4Core21StreamJSONOneShotTypeINS_3Web9WebSocket20HWebSocketServerTypeINS0_12SocketStreamEEERN26WebSocketConnectionManager17JSONObjectFactoryENS0_4JSON8IElementEE4LinkEv
FN:231,237,_ZN12WPEFramework4Core21StreamJSONOneShotTypeINS_3Web9WebSocket20HWebSocketServerTypeINS0_12SocketStreamEEERN26WebSocketConnectionManager17JSONObjectFactoryENS0_4JSON8IElementEE6SubmitERKNS0_9ProxyTypeISB_EE
FN:239,239,_ZN12WPEFramework4Core21StreamJSONOneShotTypeINS_3Web9WebSocket20HWebSocketServerTypeINS0_12SocketStreamEEERN26WebSocketConnectionManager17JSONObjectFactoryENS0_4JSON8IElementEE4OpenEj
FN:240,240,_ZN12WPEFramework4Core21StreamJSONOneShotTypeINS_3Web9WebSocket20HWebSocketServerTypeINS0_12SocketStreamEEERN26WebSocketConnectionManager17JSONObjectFactoryENS0_4JSON8IElementEE5CloseEj
FN:241,241,_ZNK12WPEFramework4Core21StreamJSONOneShotTypeINS_3Web9WebSocket20HWebSocketServerTypeINS0_12SocketStreamEEERN26WebSocketConnectionManager17JSONObjectFactoryENS0_4JSON8IElementEE6IsOpenEv
FN:242,242,_ZNK12WPEFramework4Core21StreamJSONOneShotTypeINS_3Web9WebSocket20HWebSocketServerTypeINS0_12SocketStreamEEERN26WebSocketConnectionManager17JSONObjectFactoryENS0_4JSON8IElementEE8IsClosedEv
FN:243,243,_ZNK12WPEFramework4Core21StreamJSONOneShotTypeINS_3Web9WebSocket20HWebSocketServerTypeINS0_12SocketStreamEEERN26WebSocketConnectionManager17JSONObjectFactoryENS0_4JSON8IElementEE11IsSuspendedEv
FN:246,248,_ZN12WPEFramework4Core21StreamJSONOneShotTypeINS_3Web9WebSocket20HWebSocketServerTypeINS0_12SocketStreamEEERN26WebSocketConnectionManager17JSONObjectFactoryENS0_4JSON8IElementEE8SendDataEPht
FN:250,252,_ZN12WPEFramework4Core21StreamJSONOneShotTypeINS_3Web9WebSocket20HWebSocketServerTypeINS0_12SocketStreamEEERN26WebSocketConnectionManager17JSONObjectFactoryENS0_4JSON8IElementEE11ReceiveDataEPht
FN:254,256,_ZNK12WPEFramework4Core21StreamJSONOneShotTypeINS_3Web9WebSocket20HWebSocketServerTypeINS0_12SocketStreamEEERN26WebSocketConnectionManager17JSONObjectFactoryENS0_4JSON8IElementEE6IsIdleEv
FN:28,34,_ZN12WPEFramework4Core21StreamJSONOneShotTypeINS_3Web9WebSocket20HWebSocketServerTypeINS0_12SocketStreamEEERN26WebSocketConnectionManager17JSONObjectFactoryENS0_4JSON8IElementEE14SerializerImplC2ERSC_h
FN:36,38,_ZN12WPEFramework4Core21StreamJSONOneShotTypeINS_3Web9WebSocket20HWebSocketServerTypeINS0_12SocketStreamEEERN26WebSocketConnectionManager17JSONObjectFactoryENS0_4JSON8IElementEE14SerializerImplD2Ev
FN:40,42,_ZNK12WPEFramework4Core21StreamJSONOneShotTypeINS_3Web9WebSocket20HWebSocketServerTypeINS0_12SocketStreamEEERN26WebSocketConnectionManager17JSONObjectFactoryENS0_4JSON8IElementEE14SerializerImpl6IsIdleEv
FN:44,50,_ZN12WPEFramework4Core21StreamJSONOneShotTypeINS_3Web9WebSocket20HWebSocketServerTypeINS0_12SocketStreamEEERN26WebSocketConnectionManager17JSONObjectFactoryENS0_4JSON8IElementEE14SerializerImpl6SubmitERKNS0_9ProxyTypeISB_EE
FN:52,69,_ZNK12WPEFramework4Core21StreamJSONOneShotTypeINS_3Web9WebSocket20HWebSocketServerTypeINS0_12SocketStreamEEERN26WebSocketConnectionManager17JSONObjectFactoryENS0_4JSON8IElementEE14SerializerImpl9SerializeEPht
FN:73,76,_ZNK12WPEFramework4Core21StreamJSONOneShotTypeINS_3Web9WebSocket20HWebSocketServerTypeINS0_12SocketStreamEEERN26WebSocketConnectionManager17JSONObjectFactoryENS0_4JSON8IElementEE14SerializerImpl9SerializeERKNS0_9ProxyTypeISB_EEPht
FNDA:0,_ZN12WPEFramework4Core21StreamJSONOneShotTypeINS_3Web9WebSocket20HWebSocketServerTypeINS0_12SocketStreamEEERN26WebSocketConnectionManager17JSONObjectFactoryENS0_4JSON8IElementEE16DeserializerImplC2ERSC_S9_
FNDA:0,_ZNK12WPEFramework4Core21StreamJSONOneShotTypeINS_3Web9WebSocket20HWebSocketServerTypeINS0_12SocketStreamEEERN26WebSocketConnectionManager17JSONObjectFactoryENS0_4JSON8IElementEE16DeserializerImpl6IsIdleEv
FNDA:0,_ZN12WPEFramework4Core21StreamJSONOneShotTypeINS_3Web9WebSocket20HWebSocketServerTypeINS0_12SocketStreamEEERN26WebSocketConnectionManager17JSONObjectFactoryENS0_4JSON8IElementEE16DeserializerImpl11DeserializeEPKht
FNDA:0,_ZN12WPEFramework4Core21StreamJSONOneShotTypeINS_3Web9WebSocket20HWebSocketServerTypeINS0_12SocketStreamEEERN26WebSocketConnectionManager17JSONObjectFactoryENS0_4JSON8IElementEE16DeserializerImpl11DeserializeERKNS0_9ProxyTypeISB_EEPKht
FNDA:0,_ZN12WPEFramework4Core21StreamJSONOneShotTypeINS_3Web9WebSocket20HWebSocketServerTypeINS0_12SocketStreamEEERN26WebSocketConnectionManager17JSONObjectFactoryENS0_4JSON8IElementEE11HandlerTypeC2IJbbbiNS0_6NodeIdEiiEEERSC_DpT_
FNDA:0,_ZN12WPEFramework4Core21StreamJSONOneShotTypeINS_3Web9WebSocket20HWebSocketServerTypeINS0_12SocketStreamEEERN26WebSocketConnectionManager17JSONObjectFactoryENS0_4JSON8IElementEE11HandlerTypeD0Ev
FNDA:0,_ZN12WPEFramework4Core21StreamJSONOneShotTypeINS_3Web9WebSocket20HWebSocketServerTypeINS0_12SocketStreamEEERN26WebSocketConnectionManager17JSONObjectFactoryENS0_4JSON8IElementEE11HandlerTypeD2Ev
FNDA:0,_ZN12WPEFramework4Core21StreamJSONOneShotTypeINS_3Web9WebSocket20HWebSocketServerTypeINS0_12SocketStreamEEERN26WebSocketConnectionManager17JSONObjectFactoryENS0_4JSON8IElementEE11HandlerType8SendDataEPht
FNDA:0,_ZN12WPEFramework4Core21StreamJSONOneShotTypeINS_3Web9WebSocket20HWebSocketServerTypeINS0_12SocketStreamEEERN26WebSocketConnectionManager17JSONObjectFactoryENS0_4JSON8IElementEE11HandlerType11ReceiveDataEPht
FNDA:0,_ZN12WPEFramework4Core21StreamJSONOneShotTypeINS_3Web9WebSocket20HWebSocketServerTypeINS0_12SocketStreamEEERN26WebSocketConnectionManager17JSONObjectFactoryENS0_4JSON8IElementEE11HandlerType11StateChangeEv
FNDA:0,_ZNK12WPEFramework4Core21StreamJSONOneShotTypeINS_3Web9WebSocket20HWebSocketServerTypeINS0_12SocketStreamEEERN26WebSocketConnectionManager17JSONObjectFactoryENS0_4JSON8IElementEE11HandlerType6IsIdleEv
FNDA:0,_ZN12WPEFramework4Core21StreamJSONOneShotTypeINS_3Web9WebSocket20HWebSocketServerTypeINS0_12SocketStreamEEERN26WebSocketConnectionManager17JSONObjectFactoryENS0_4JSON8IElementEEC2IJbbbiNS0_6NodeIdEiiEEEhS9_DpT_
FNDA:0,_ZN12WPEFramework4Core21StreamJSONOneShotTypeINS_3Web9WebSocket20HWebSocketServerTypeINS0_12SocketStreamEEERN26WebSocketConnectionManager17JSONObjectFactoryENS0_4JSON8IElementEED0Ev
FNDA:0,_ZN12WPEFramework4Core21StreamJSONOneShotTypeINS_3Web9WebSocket20HWebSocketServerTypeINS0_12SocketStreamEEERN26WebSocketConnectionManager17JSONObjectFactoryENS0_4JSON8IElementEED2Ev
FNDA:0,_ZN12WPEFramework4Core21StreamJSONOneShotTypeINS_3Web9WebSocket20HWebSocketServerTypeINS0_12SocketStreamEEERN26WebSocketConnectionManager17JSONObjectFactoryENS0_4JSON8IElementEE4LinkEv
FNDA:0,_ZN12WPEFramework4Core21StreamJSONOneShotTypeINS_3Web9WebSocket20HWebSocketServerTypeINS0_12SocketStreamEEERN26WebSocketConnectionManager17JSONObjectFactoryENS0_4JSON8IElementEE6SubmitERKNS0_9ProxyTypeISB_EE
FNDA:0,_ZN12WPEFramework4Core21StreamJSONOneShotTypeINS_3Web9WebSocket20HWebSocketServerTypeINS0_12SocketStreamEEERN26WebSocketConnectionManager17JSONObjectFactoryENS0_4JSON8IElementEE4OpenEj
FNDA:0,_ZN12WPEFramework4Core21StreamJSONOneShotTypeINS_3Web9WebSocket20HWebSocketServerTypeINS0_12SocketStreamEEERN26WebSocketConnectionManager17JSONObjectFactoryENS0_4JSON8IElementEE5CloseEj
FNDA:0,_ZNK12WPEFramework4Core21StreamJSONOneShotTypeINS_3Web9WebSocket20HWebSocketServerTypeINS0_12SocketStreamEEERN26WebSocketConnectionManager17JSONObjectFactoryENS0_4JSON8IElementEE6IsOpenEv
FNDA:0,_ZNK12WPEFramework4Core21StreamJSONOneShotTypeINS_3Web9WebSocket20HWebSocketServerTypeINS0_12SocketStreamEEERN26WebSocketConnectionManager17JSONObjectFactoryENS0_4JSON8IElementEE8IsClosedEv
FNDA:0,_ZNK12WPEFramework4Core21StreamJSONOneShotTypeINS_3Web9WebSocket20HWebSocketServerTypeINS0_12SocketStreamEEERN26WebSocketConnectionManager17JSONObjectFactoryENS0_4JSON8IElementEE11IsSuspendedEv
FNDA:0,_ZN12WPEFramework4Core21StreamJSONOneShotTypeINS_3Web9WebSocket20HWebSocketServerTypeINS0_12SocketStreamEEERN26WebSocketConnectionManager17JSONObjectFactoryENS0_4JSON8IElementEE8SendDataEPht
FNDA:0,_ZN12WPEFramework4Core21StreamJSONOneShotTypeINS_3Web9WebSocket20HWebSocketServerTypeINS0_12SocketStreamEEERN26WebSocketConnectionManager17JSONObjectFactoryENS0_4JSON8IElementEE11ReceiveDataEPht
FNDA:0,_ZNK12WPEFramework4Core21StreamJSONOneShotTypeINS_3Web9WebSocket20HWebSocketServerTypeINS0_12SocketStreamEEERN26WebSocketConnectionManager17JSONObjectFactoryENS0_4JSON8IElementEE6IsIdleEv
FNDA:0,_ZN12WPEFramework4Core21StreamJSONOneShotTypeINS_3Web9WebSocket20HWebSocketServerTypeINS0_12SocketStreamEEERN26WebSocketConnectionManager17JSONObjectFactoryENS0_4JSON8IElementEE14SerializerImplC2ERSC_h
FNDA:0,_ZN12WPEFramework4Core21StreamJSONOneShotTypeINS_3Web9WebSocket20HWebSocketServerTypeINS0_12SocketStreamEEERN26WebSocketConnectionManager17JSONObjectFactoryENS0_4JSON8IElementEE14SerializerImplD2Ev
FNDA:0,_ZNK12WPEFramework4Core21StreamJSONOneShotTypeINS_3Web9WebSocket20HWebSocketServerTypeINS0_12SocketStreamEEERN26WebSocketConnectionManager17JSONObjectFactoryENS0_4JSON8IElementEE14SerializerImpl6IsIdleEv
FNDA:0,_ZN12WPEFramework4Core21StreamJSONOneShotTypeINS_3Web9WebSocket20HWebSocketServerTypeINS0_12SocketStreamEEERN26WebSocketConnectionManager17JSONObjectFactoryENS0_4JSON8IElementEE14SerializerImpl6SubmitERKNS0_9ProxyTypeISB_EE
FNDA:0,_ZNK12WPEFramework4Core21StreamJSONOneShotTypeINS_3Web9WebSocket20HWebSocketServerTypeINS0_12SocketStreamEEERN26WebSocketConnectionManager17JSONObjectFactoryENS0_4JSON8IElementEE14SerializerImpl9SerializeEPht
FNDA:0,_ZNK12WPEFramework4Core21StreamJSONOneShotTypeINS_3Web9WebSocket20HWebSocketServerTypeINS0_12SocketStreamEEERN26WebSocketConnectionManager17JSONObjectFactoryENS0_4JSON8IElementEE14SerializerImpl9SerializeERKNS0_9ProxyTypeISB_EEPht
FNF:30
FNH:0
DA:28,0
DA:29,0
DA:30,0
DA:31,0
DA:32,0
DA:34,0
DA:36,0
DA:37,0
DA:38,0
DA:40,0
DA:41,0
DA:44,0
DA:45,0
DA:46,0
DA:47,0
DA:48,0
DA:49,0
DA:52,0
DA:53,0
DA:55,0
DA:56,0
DA:57,0
DA:59,0
DA:60,0
DA:61,0
DA:62,0
DA:63,0
DA:64,0
DA:66,0
DA:68,0
DA:73,0
DA:75,0
DA:104,0
DA:105,0
DA:106,0
DA:107,0
DA:108,0
DA:110,0
DA:112,0
DA:113,0
DA:117,0
DA:118,0
DA:120,0
DA:121,0
DA:122,0
DA:125,0
DA:126,0
DA:130,0
DA:131,0
DA:132,0
DA:136,0
DA:140,0
DA:142,0
DA:169,0
DA:171,0
DA:172,0
DA:174,0
DA:178,0
DA:179,0
DA:182,0
DA:183,0
DA:186,0
DA:187,0
DA:188,0
DA:190,0
DA:191,0
DA:205,0
DA:206,0
DA:207,0
DA:208,0
DA:209,0
DA:220,0
DA:221,0
DA:222,0
DA:225,0
DA:231,0
DA:232,0
DA:233,0
DA:234,0
DA:237,0
DA:239,0
DA:240,0
DA:241,0
DA:242,0
DA:243,0
DA:246,0
DA:247,0
DA:250,0
DA:251,0
DA:254,0
DA:255,0
LF:91
LH:0
end_of_record
TN:
SF:/home/kavia/workspace/code-generation/entservices-appgateway-34/helpers/StringUtils.h
FN:30,35,_ZN11StringUtils7toLowerERKNSt7__cxx1112basic_stringIcSt11char_traitsIcESaIcEEE
FN:33,33,_ZZN11StringUtils7toLowerERKNSt7__cxx1112basic_stringIcSt11char_traitsIcESaIcEEEENKUlhE_clEh
FNDA:337,_ZN11StringUtils7toLowerERKNSt7__cxx1112basic_stringIcSt11char_traitsIcESaIcEEE
FNDA:8218,_ZZN11StringUtils7toLowerERKNSt7__cxx1112basic_stringIcSt11char_traitsIcESaIcEEEENKUlhE_clEh
FNF:2
FNH:2
DA:30,337
DA:31,337
DA:32,337
DA:33,8218
DA:34,337
LF:5
LH:5
end_of_record
TN:
SF:/home/kavia/workspace/code-generation/entservices-appgateway-34/helpers/UtilsCallsign.h
FN:40,45,_ZN11ConfigUtils14useAppManagersEv
FNDA:0,_ZN11ConfigUtils14useAppManagersEv
FNF:1
FNH:0
DA:40,0
DA:41,0
DA:42,0
DA:44,0
LF:4
LH:0
end_of_record
TN:
SF:/home/kavia/workspace/code-generation/entservices-appgateway-34/helpers/UtilsConnections.h
FN:29,67,_ZN12WPEFramework5Utils12ResolveQueryERKNSt7__cxx1112basic_stringIcSt11char_traitsIcESaIcEEES8_
FNDA:0,_ZN12WPEFramework5Utils12ResolveQueryERKNSt7__cxx1112basic_stringIcSt11char_traitsIcESaIcEEES8_
FNF:1
FNH:0
DA:29,0
DA:32,0
DA:34,0
DA:35,0
DA:39,0
DA:40,0
DA:42,0
DA:43,0
DA:46,0
DA:48,0
DA:50,0
DA:51,0
DA:55,0
DA:56,0
DA:58,0
DA:59,0
DA:60,0
DA:61,0
DA:63,0
DA:65,0
DA:66,0
DA:67,0
LF:22
LH:0
end_of_record
TN:
SF:/home/kavia/workspace/code-generation/entservices-appgateway-34/helpers/UtilsFirebolt.h
FN:133,140,_ZN10ErrorUtils33GetErrorMessageForFrameworkErrorsERKjRKNSt7__cxx1112basic_stringIcSt11char_traitsIcESaIcEEE
FN:142,164,_ZN10ErrorUtils16GetFireboltErrorB5cxx11ERK13FireboltError
FN:166,168,_ZN10ErrorUtils12NotSupportedERNSt7__cxx1112basic_stringIcSt11char_traitsIcESaIcEEE
FN:170,172,_ZN10ErrorUtils12NotAvailableERNSt7__cxx1112basic_stringIcSt11char_traitsIcESaIcEEE
FN:174,176,_ZN10ErrorUtils12NotPermittedERNSt7__cxx1112basic_stringIcSt11char_traitsIcESaIcEEE
FN:178,180,_ZN10ErrorUtils16CustomInitializeERKNSt7__cxx1112basic_stringIcSt11char_traitsIcESaIcEEERS5_
FN:182,184,_ZN10ErrorUtils14CustomInternalERKNSt7__cxx1112basic_stringIcSt11char_traitsIcESaIcEEERS5_
FN:186,188,_ZN10ErrorUtils16CustomBadRequestERKNSt7__cxx1112basic_stringIcSt11char_traitsIcESaIcEEERS5_
FNDA:2,_ZN10ErrorUtils33GetErrorMessageForFrameworkErrorsERKjRKNSt7__cxx1112basic_stringIcSt11char_traitsIcESaIcEEE
FNDA:1,_ZN10ErrorUtils16GetFireboltErrorB5cxx11ERK13FireboltError
FNDA:0,_ZN10ErrorUtils12NotSupportedERNSt7__cxx1112basic_stringIcSt11char_traitsIcESaIcEEE
FNDA:1,_ZN10ErrorUtils12NotAvailableERNSt7__cxx1112basic_stringIcSt11char_traitsIcESaIcEEE
FNDA:0,_ZN10ErrorUtils12NotPermittedERNSt7__cxx1112basic_stringIcSt11char_traitsIcESaIcEEE
FNDA:0,_ZN10ErrorUtils16CustomInitializeERKNSt7__cxx1112basic_stringIcSt11char_traitsIcESaIcEEERS5_
FNDA:0,_ZN10ErrorUtils14CustomInternalERKNSt7__cxx1112basic_stringIcSt11char_traitsIcESaIcEEERS5_
FNDA:2,_ZN10ErrorUtils16CustomBadRequestERKNSt7__cxx1112basic_stringIcSt11char_traitsIcESaIcEEERS5_
FNF:8
FNH:4
DA:133,2
DA:134,2
DA:135,2
DA:136,2
DA:137,2
DA:138,2
DA:139,4
DA:140,2
DA:142,1
DA:143,1
DA:144,1
DA:145,1
DA:146,0
DA:147,0
DA:148,0
DA:149,0
DA:150,1
DA:151,1
DA:152,1
DA:153,1
DA:154,0
DA:155,0
DA:156,0
DA:157,0
DA:158,0
DA:159,0
DA:160,0
DA:162,1
DA:163,2
DA:164,1
DA:166,0
DA:167,0
DA:168,0
DA:170,1
DA:171,1
DA:172,1
DA:174,0
DA:175,0
DA:176,0
DA:178,0
DA:179,0
DA:180,0
DA:182,0
DA:183,0
DA:184,0
DA:186,2
DA:187,2
DA:188,2
LF:48
LH:25
end_of_record
TN:
SF:/home/kavia/workspace/code-generation/entservices-appgateway-34/helpers/UtilsJsonrpcDirectLink.h
FN:103,111,_ZN12WPEFramework5Utils17JSONRPCDirectLinkC2EPNS_10PluginHost6IShellERKNSt7__cxx1112basic_stringIcSt11char_traitsIcESaIcEEESC_
FN:118,124,_ZN12WPEFramework5Utils17JSONRPCDirectLinkD2Ev
FN:127,166,_ZN12WPEFramework5Utils17JSONRPCDirectLink6InvokeINSt7__cxx1112basic_stringIcSt11char_traitsIcESaIcEEES8_EEjRKS8_RKT_RT0_
FN:169,180,_ZN12WPEFramework5Utils26GetThunderControllerClientEPNS_10PluginHost6IShellENSt7__cxx1112basic_stringIcSt11char_traitsIcESaIcEEE
FN:29,57,_ZN12WPEFramework5Utils23GetThunderSecurityTokenEPNS_10PluginHost6IShellERNSt7__cxx1112basic_stringIcSt11char_traitsIcESaIcEEE
FN:67,71,_ZNK12WPEFramework5Utils17JSONRPCDirectLink8ToStringERNSt7__cxx1112basic_stringIcSt11char_traitsIcESaIcEEERKS7_
FN:85,89,_ZNK12WPEFramework5Utils17JSONRPCDirectLink10FromStringERNSt7__cxx1112basic_stringIcSt11char_traitsIcESaIcEEERKS7_
FNDA:0,_ZN12WPEFramework5Utils17JSONRPCDirectLinkC2EPNS_10PluginHost6IShellERKNSt7__cxx1112basic_stringIcSt11char_traitsIcESaIcEEESC_
FNDA:0,_ZN12WPEFramework5Utils17JSONRPCDirectLinkD2Ev
FNDA:0,_ZN12WPEFramework5Utils17JSONRPCDirectLink6InvokeINSt7__cxx1112basic_stringIcSt11char_traitsIcESaIcEEES8_EEjRKS8_RKT_RT0_
FNDA:0,_ZN12WPEFramework5Utils26GetThunderControllerClientEPNS_10PluginHost6IShellENSt7__cxx1112basic_stringIcSt11char_traitsIcESaIcEEE
FNDA:0,_ZN12WPEFramework5Utils23GetThunderSecurityTokenEPNS_10PluginHost6IShellERNSt7__cxx1112basic_stringIcSt11char_traitsIcESaIcEEE
FNDA:0,_ZNK12WPEFramework5Utils17JSONRPCDirectLink8ToStringERNSt7__cxx1112basic_stringIcSt11char_traitsIcESaIcEEERKS7_
FNDA:0,_ZNK12WPEFramework5Utils17JSONRPCDirectLink10FromStringERNSt7__cxx1112basic_stringIcSt11char_traitsIcESaIcEEERKS7_
FNF:7
FNH:0
DA:29,0
DA:31,0
DA:32,0
DA:33,0
DA:35,0
DA:36,0
DA:37,0
DA:38,0
DA:39,0
DA:41,0
DA:42,0
DA:46,0
DA:48,0
DA:49,0
DA:52,0
DA:53,0
DA:56,0
DA:67,0
DA:69,0
DA:70,0
DA:85,0
DA:87,0
DA:88,0
DA:103,0
DA:104,0
DA:105,0
DA:107,0
DA:109,0
DA:111,0
DA:118,0
DA:120,0
DA:122,0
DA:124,0
DA:127,0
DA:129,0
DA:131,0
DA:132,0
DA:135,0
DA:136,0
DA:137,0
DA:138,0
DA:139,0
DA:141,0
DA:144,0
DA:145,0
DA:147,0
DA:149,0
DA:151,0
DA:153,0
DA:155,0
DA:158,0
DA:160,0
DA:165,0
DA:166,0
DA:169,0
DA:171,0
DA:174,0
DA:175,0
DA:176,0
DA:179,0
LF:60
LH:0
end_of_record
TN:
SF:/home/kavia/workspace/code-generation/entservices-appgateway-34/helpers/UtilsfileExists.h
FN:25,29,_ZN5Utils10fileExistsEPKc
FNDA:0,_ZN5Utils10fileExistsEPKc
FNF:1
FNH:0
DA:25,0
DA:28,0
LF:2
LH:0
end_of_record
TN:
SF:/home/kavia/workspace/code-generation/entservices-appgateway-34/helpers/WebSocketLink.h
FN:1005,1008,_ZN12WPEFramework3Web9WebSocket20HWebSocketServerTypeINS_4Core12SocketStreamEEC2IJRbRiRNS3_6NodeIdES8_S8_EEEbbDpOT_
FN:1009,1009,_ZN12WPEFramework3Web9WebSocket20HWebSocketServerTypeINS_4Core12SocketStreamEED0Ev
FN:1009,1009,_ZN12WPEFramework3Web9WebSocket20HWebSocketServerTypeINS_4Core12SocketStreamEED2Ev
FN:1020,1023,_ZNK12WPEFramework3Web9WebSocket20HWebSocketServerTypeINS_4Core12SocketStreamEE6IsOpenEv
FN:1024,1027,_ZNK12WPEFramework3Web9WebSocket20HWebSocketServerTypeINS_4Core12SocketStreamEE8IsClosedEv
FN:1040,1043,_ZNK12WPEFramework3Web9WebSocket20HWebSocketServerTypeINS_4Core12SocketStreamEE11IsSuspendedEv
FN:1064,1068,_ZN12WPEFramework3Web9WebSocket20HWebSocketServerTypeINS_4Core12SocketStreamEE4OpenEj
FN:1069,1072,_ZN12WPEFramework3Web9WebSocket20HWebSocketServerTypeINS_4Core12SocketStreamEE5CloseEj
FN:1074,1077,_ZNK12WPEFramework3Web9WebSocket20HWebSocketServerTypeINS_4Core12SocketStreamEE5QueryB5cxx11Ev
FN:1078,1081,_ZN12WPEFramework3Web9WebSocket20HWebSocketServerTypeINS_4Core12SocketStreamEE7TriggerEv
FN:117,147,_ZN12WPEFramework3Web9WebSocket18HWebSocketLinkTypeINS_4Core12SocketStreamENS0_7RequestENS0_8ResponseERNS1_16RequestAllocatorEE11HandlerTypeIS4_E14SerializerImpl10SerializedERKS6_
FN:167,172,_ZN12WPEFramework3Web9WebSocket18HWebSocketLinkTypeINS_4Core12SocketStreamENS0_7RequestENS0_8ResponseERNS1_16RequestAllocatorEE11HandlerTypeIS4_E16DeserializerImplC2ERSB_S8_
FN:173,173,_ZN12WPEFramework3Web9WebSocket18HWebSocketLinkTypeINS_4Core12SocketStreamENS0_7RequestENS0_8ResponseERNS1_16RequestAllocatorEE11HandlerTypeIS4_E16DeserializerImplD0Ev
FN:173,173,_ZN12WPEFramework3Web9WebSocket18HWebSocketLinkTypeINS_4Core12SocketStreamENS0_7RequestENS0_8ResponseERNS1_16RequestAllocatorEE11HandlerTypeIS4_E16DeserializerImplD2Ev
FN:176,179,_ZNK12WPEFramework3Web9WebSocket18HWebSocketLinkTypeINS_4Core12SocketStreamENS0_7RequestENS0_8ResponseERNS1_16RequestAllocatorEE11HandlerTypeIS4_E16DeserializerImpl6IsIdleEv
FN:180,188,_ZN12WPEFramework3Web9WebSocket18HWebSocketLinkTypeINS_4Core12SocketStreamENS0_7RequestENS0_8ResponseERNS1_16RequestAllocatorEE11HandlerTypeIS4_E16DeserializerImpl12DeserializedERS5_
FN:189,200,_ZN12WPEFramework3Web9WebSocket18HWebSocketLinkTypeINS_4Core12SocketStreamENS0_7RequestENS0_8ResponseERNS1_16RequestAllocatorEE11HandlerTypeIS4_E16DeserializerImpl7ElementEv
FN:201,207,_ZN12WPEFramework3Web9WebSocket18HWebSocketLinkTypeINS_4Core12SocketStreamENS0_7RequestENS0_8ResponseERNS1_16RequestAllocatorEE11HandlerTypeIS4_E16DeserializerImpl8LinkBodyERS5_
FN:239,254,_ZN12WPEFramework3Web9WebSocket18HWebSocketLinkTypeINS_4Core12SocketStreamENS0_7RequestENS0_8ResponseERNS1_16RequestAllocatorEE11HandlerTypeIS4_EC2IJRbRiRNS3_6NodeIdESE_SE_EEERS9_bbhS8_DpOT_
FN:256,256,_ZN12WPEFramework3Web9WebSocket18HWebSocketLinkTypeINS_4Core12SocketStreamENS0_7RequestENS0_8ResponseERNS1_16RequestAllocatorEE11HandlerTypeIS4_ED0Ev
FN:256,256,_ZN12WPEFramework3Web9WebSocket18HWebSocketLinkTypeINS_4Core12SocketStreamENS0_7RequestENS0_8ResponseERNS1_16RequestAllocatorEE11HandlerTypeIS4_ED2Ev
FN:259,262,_ZNK12WPEFramework3Web9WebSocket18HWebSocketLinkTypeINS_4Core12SocketStreamENS0_7RequestENS0_8ResponseERNS1_16RequestAllocatorEE11HandlerTypeIS4_E6IsOpenEv
FN:263,266,_ZNK12WPEFramework3Web9WebSocket18HWebSocketLinkTypeINS_4Core12SocketStreamENS0_7RequestENS0_8ResponseERNS1_16RequestAllocatorEE11HandlerTypeIS4_E11IsSuspendedEv
FN:267,270,_ZNK12WPEFramework3Web9WebSocket18HWebSocketLinkTypeINS_4Core12SocketStreamENS0_7RequestENS0_8ResponseERNS1_16RequestAllocatorEE11HandlerTypeIS4_E8IsClosedEv
FN:279,282,_ZNK12WPEFramework3Web9WebSocket18HWebSocketLinkTypeINS_4Core12SocketStreamENS0_7RequestENS0_8ResponseERNS1_16RequestAllocatorEE11HandlerTypeIS4_E11IsWebSocketEv
FN:299,302,_ZNK12WPEFramework3Web9WebSocket18HWebSocketLinkTypeINS_4Core12SocketStreamENS0_7RequestENS0_8ResponseERNS1_16RequestAllocatorEE11HandlerTypeIS4_E5QueryB5cxx11Ev
FN:366,387,_ZN12WPEFramework3Web9WebSocket18HWebSocketLinkTypeINS_4Core12SocketStreamENS0_7RequestENS0_8ResponseERNS1_16RequestAllocatorEE11HandlerTypeIS4_E5CloseEj
FN:390,415,_ZN12WPEFramework3Web9WebSocket18HWebSocketLinkTypeINS_4Core12SocketStreamENS0_7RequestENS0_8ResponseERNS1_16RequestAllocatorEE11HandlerTypeIS4_E8SendDataEPht
FN:416,517,_ZN12WPEFramework3Web9WebSocket18HWebSocketLinkTypeINS_4Core12SocketStreamENS0_7RequestENS0_8ResponseERNS1_16RequestAllocatorEE11HandlerTypeIS4_E11ReceiveDataEPht
FN:520,532,_ZN12WPEFramework3Web9WebSocket18HWebSocketLinkTypeINS_4Core12SocketStreamENS0_7RequestENS0_8ResponseERNS1_16RequestAllocatorEE11HandlerTypeIS4_E11StateChangeEv
FN:557,560,_ZNK12WPEFramework3Web9WebSocket18HWebSocketLinkTypeINS_4Core12SocketStreamENS0_7RequestENS0_8ResponseERNS1_16RequestAllocatorEE11HandlerTypeIS4_E5StateEv
FN:561,587,_ZN12WPEFramework3Web9WebSocket18HWebSocketLinkTypeINS_4Core12SocketStreamENS0_7RequestENS0_8ResponseERNS1_16RequestAllocatorEE11HandlerTypeIS4_E13CheckForCloseEj
FN:588,591,_ZN12WPEFramework3Web9WebSocket18HWebSocketLinkTypeINS_4Core12SocketStreamENS0_7RequestENS0_8ResponseERNS1_16RequestAllocatorEE11HandlerTypeIS4_E10SerializedERKNS3_9ProxyTypeIS6_EE
FN:592,595,_ZN12WPEFramework3Web9WebSocket18HWebSocketLinkTypeINS_4Core12SocketStreamENS0_7RequestENS0_8ResponseERNS1_16RequestAllocatorEE11HandlerTypeIS4_E12DeserializedERNS3_9ProxyTypeIS5_EE
FN:596,601,_ZN12WPEFramework3Web9WebSocket18HWebSocketLinkTypeINS_4Core12SocketStreamENS0_7RequestENS0_8ResponseERNS1_16RequestAllocatorEE11HandlerTypeIS4_E8LinkBodyERNS3_9ProxyTypeIS5_EE
FN:60,66,_ZN12WPEFramework3Web9WebSocket18HWebSocketLinkTypeINS_4Core12SocketStreamENS0_7RequestENS0_8ResponseERNS1_16RequestAllocatorEE11HandlerTypeIS4_E14SerializerImplC2ERSB_h
FN:602,605,_ZN12WPEFramework3Web9WebSocket18HWebSocketLinkTypeINS_4Core12SocketStreamENS0_7RequestENS0_8ResponseERNS1_16RequestAllocatorEE11HandlerTypeIS4_E16UpgradeCompletedEv
FN:617,670,_ZN12WPEFramework3Web9WebSocket18HWebSocketLinkTypeINS_4Core12SocketStreamENS0_7RequestENS0_8ResponseERNS1_16RequestAllocatorEE11HandlerTypeIS4_E17ReceivedWebSocketERNS3_9ProxyTypeIS5_EERK17TemplateIntToTypeILj1EE
FN:67,67,_ZN12WPEFramework3Web9WebSocket18HWebSocketLinkTypeINS_4Core12SocketStreamENS0_7RequestENS0_8ResponseERNS1_16RequestAllocatorEE11HandlerTypeIS4_E14SerializerImplD0Ev
FN:67,67,_ZN12WPEFramework3Web9WebSocket18HWebSocketLinkTypeINS_4Core12SocketStreamENS0_7RequestENS0_8ResponseERNS1_16RequestAllocatorEE11HandlerTypeIS4_E14SerializerImplD2Ev
FN:671,685,_ZN12WPEFramework3Web9WebSocket18HWebSocketLinkTypeINS_4Core12SocketStreamENS0_7RequestENS0_8ResponseERNS1_16RequestAllocatorEE11HandlerTypeIS4_E16UpgradeCompletedERK17TemplateIntToTypeILj1EE
FN:70,73,_ZNK12WPEFramework3Web9WebSocket18HWebSocketLinkTypeINS_4Core12SocketStreamENS0_7RequestENS0_8ResponseERNS1_16RequestAllocatorEE11HandlerTypeIS4_E14SerializerImpl6IsIdleEv
FN:74,91,_ZN12WPEFramework3Web9WebSocket18HWebSocketLinkTypeINS_4Core12SocketStreamENS0_7RequestENS0_8ResponseERNS1_16RequestAllocatorEE11HandlerTypeIS4_E14SerializerImpl6SubmitERKNS3_9ProxyTypeIS6_EE
FN:790,793,_ZN12WPEFramework3Web9WebSocket18HWebSocketLinkTypeINS_4Core12SocketStreamENS0_7RequestENS0_8ResponseERNS1_16RequestAllocatorEEC2IJRbRiRNS3_6NodeIdESC_SC_EEEbbhS8_DpOT_
FN:795,795,_ZN12WPEFramework3Web9WebSocket18HWebSocketLinkTypeINS_4Core12SocketStreamENS0_7RequestENS0_8ResponseERNS1_16RequestAllocatorEED0Ev
FN:795,795,_ZN12WPEFramework3Web9WebSocket18HWebSocketLinkTypeINS_4Core12SocketStreamENS0_7RequestENS0_8ResponseERNS1_16RequestAllocatorEED2Ev
FN:814,817,_ZNK12WPEFramework3Web9WebSocket18HWebSocketLinkTypeINS_4Core12SocketStreamENS0_7RequestENS0_8ResponseERNS1_16RequestAllocatorEE6IsOpenEv
FN:818,821,_ZNK12WPEFramework3Web9WebSocket18HWebSocketLinkTypeINS_4Core12SocketStreamENS0_7RequestENS0_8ResponseERNS1_16RequestAllocatorEE11IsSuspendedEv
FN:822,825,_ZNK12WPEFramework3Web9WebSocket18HWebSocketLinkTypeINS_4Core12SocketStreamENS0_7RequestENS0_8ResponseERNS1_16RequestAllocatorEE8IsClosedEv
FN:834,837,_ZNK12WPEFramework3Web9WebSocket18HWebSocketLinkTypeINS_4Core12SocketStreamENS0_7RequestENS0_8ResponseERNS1_16RequestAllocatorEE11IsWebSocketEv
FN:870,873,_ZNK12WPEFramework3Web9WebSocket18HWebSocketLinkTypeINS_4Core12SocketStreamENS0_7RequestENS0_8ResponseERNS1_16RequestAllocatorEE5QueryB5cxx11Ev
FN:890,894,_ZN12WPEFramework3Web9WebSocket18HWebSocketLinkTypeINS_4Core12SocketStreamENS0_7RequestENS0_8ResponseERNS1_16RequestAllocatorEE4OpenEj
FN:895,898,_ZN12WPEFramework3Web9WebSocket18HWebSocketLinkTypeINS_4Core12SocketStreamENS0_7RequestENS0_8ResponseERNS1_16RequestAllocatorEE5CloseEj
FN:903,906,_ZN12WPEFramework3Web9WebSocket18HWebSocketLinkTypeINS_4Core12SocketStreamENS0_7RequestENS0_8ResponseERNS1_16RequestAllocatorEE7TriggerEv
FN:92,95,_ZN12WPEFramework3Web9WebSocket18HWebSocketLinkTypeINS_4Core12SocketStreamENS0_7RequestENS0_8ResponseERNS1_16RequestAllocatorEE11HandlerTypeIS4_E14SerializerImpl9SerializeEPht
FN:952,956,_ZN12WPEFramework3Web9WebSocket20HWebSocketServerTypeINS_4Core12SocketStreamEE7HandlerIS4_EC2IJRbRiRNS3_6NodeIdESA_SA_EEERS5_bbDpOT_
FN:957,957,_ZN12WPEFramework3Web9WebSocket20HWebSocketServerTypeINS_4Core12SocketStreamEE7HandlerIS4_ED0Ev
FN:957,957,_ZN12WPEFramework3Web9WebSocket20HWebSocketServerTypeINS_4Core12SocketStreamEE7HandlerIS4_ED2Ev
FN:96,114,_ZN12WPEFramework3Web9WebSocket18HWebSocketLinkTypeINS_4Core12SocketStreamENS0_7RequestENS0_8ResponseERNS1_16RequestAllocatorEE11HandlerTypeIS4_E14SerializerImpl5FlushEv
FN:960,963,_ZN12WPEFramework3Web9WebSocket20HWebSocketServerTypeINS_4Core12SocketStreamEE7HandlerIS4_E8SendDataEPht
FN:964,967,_ZN12WPEFramework3Web9WebSocket20HWebSocketServerTypeINS_4Core12SocketStreamEE7HandlerIS4_E11ReceiveDataEPht
FN:970,973,_ZNK12WPEFramework3Web9WebSocket20HWebSocketServerTypeINS_4Core12SocketStreamEE7HandlerIS4_E6IsIdleEv
FN:975,978,_ZN12WPEFramework3Web9WebSocket20HWebSocketServerTypeINS_4Core12SocketStreamEE7HandlerIS4_E11StateChangeEv
FN:979,983,_ZN12WPEFramework3Web9WebSocket20HWebSocketServerTypeINS_4Core12SocketStreamEE7HandlerIS4_E8ReceivedERNS3_9ProxyTypeINS0_7RequestEEE
FN:984,988,_ZN12WPEFramework3Web9WebSocket20HWebSocketServerTypeINS_4Core12SocketStreamEE7HandlerIS4_E4SendERKNS3_9ProxyTypeINS0_8ResponseEEE
FN:989,993,_ZN12WPEFramework3Web9WebSocket20HWebSocketServerTypeINS_4Core12SocketStreamEE7HandlerIS4_E8LinkBodyERNS3_9ProxyTypeINS0_7RequestEEE
FNDA:0,_ZN12WPEFramework3Web9WebSocket20HWebSocketServerTypeINS_4Core12SocketStreamEEC2IJRbRiRNS3_6NodeIdES8_S8_EEEbbDpOT_
FNDA:0,_ZN12WPEFramework3Web9WebSocket20HWebSocketServerTypeINS_4Core12SocketStreamEED0Ev
FNDA:0,_ZN12WPEFramework3Web9WebSocket20HWebSocketServerTypeINS_4Core12SocketStreamEED2Ev
FNDA:0,_ZNK12WPEFramework3Web9WebSocket20HWebSocketServerTypeINS_4Core12SocketStreamEE6IsOpenEv
FNDA:0,_ZNK12WPEFramework3Web9WebSocket20HWebSocketServerTypeINS_4Core12SocketStreamEE8IsClosedEv
FNDA:0,_ZNK12WPEFramework3Web9WebSocket20HWebSocketServerTypeINS_4Core12SocketStreamEE11IsSuspendedEv
FNDA:0,_ZN12WPEFramework3Web9WebSocket20HWebSocketServerTypeINS_4Core12SocketStreamEE4OpenEj
FNDA:0,_ZN12WPEFramework3Web9WebSocket20HWebSocketServerTypeINS_4Core12SocketStreamEE5CloseEj
FNDA:0,_ZNK12WPEFramework3Web9WebSocket20HWebSocketServerTypeINS_4Core12SocketStreamEE5QueryB5cxx11Ev
FNDA:0,_ZN12WPEFramework3Web9WebSocket20HWebSocketServerTypeINS_4Core12SocketStreamEE7TriggerEv
FNDA:0,_ZN12WPEFramework3Web9WebSocket18HWebSocketLinkTypeINS_4Core12SocketStreamENS0_7RequestENS0_8ResponseERNS1_16RequestAllocatorEE11HandlerTypeIS4_E14SerializerImpl10SerializedERKS6_
FNDA:0,_ZN12WPEFramework3Web9WebSocket18HWebSocketLinkTypeINS_4Core12SocketStreamENS0_7RequestENS0_8ResponseERNS1_16RequestAllocatorEE11HandlerTypeIS4_E16DeserializerImplC2ERSB_S8_
FNDA:0,_ZN12WPEFramework3Web9WebSocket18HWebSocketLinkTypeINS_4Core12SocketStreamENS0_7RequestENS0_8ResponseERNS1_16RequestAllocatorEE11HandlerTypeIS4_E16DeserializerImplD0Ev
FNDA:0,_ZN12WPEFramework3Web9WebSocket18HWebSocketLinkTypeINS_4Core12SocketStreamENS0_7RequestENS0_8ResponseERNS1_16RequestAllocatorEE11HandlerTypeIS4_E16DeserializerImplD2Ev
FNDA:0,_ZNK12WPEFramework3Web9WebSocket18HWebSocketLinkTypeINS_4Core12SocketStreamENS0_7RequestENS0_8ResponseERNS1_16RequestAllocatorEE11HandlerTypeIS4_E16DeserializerImpl6IsIdleEv
FNDA:0,_ZN12WPEFramework3Web9WebSocket18HWebSocketLinkTypeINS_4Core12SocketStreamENS0_7RequestENS0_8ResponseERNS1_16RequestAllocatorEE11HandlerTypeIS4_E16DeserializerImpl12DeserializedERS5_
FNDA:0,_ZN12WPEFramework3Web9WebSocket18HWebSocketLinkTypeINS_4Core12SocketStreamENS0_7RequestENS0_8ResponseERNS1_16RequestAllocatorEE11HandlerTypeIS4_E16DeserializerImpl7ElementEv
FNDA:0,_ZN12WPEFramework3Web9WebSocket18HWebSocketLinkTypeINS_4Core12SocketStreamENS0_7RequestENS0_8ResponseERNS1_16RequestAllocatorEE11HandlerTypeIS4_E16DeserializerImpl8LinkBodyERS5_
FNDA:0,_ZN12WPEFramework3Web9WebSocket18HWebSocketLinkTypeINS_4Core12SocketStreamENS0_7RequestENS0_8ResponseERNS1_16RequestAllocatorEE11HandlerTypeIS4_EC2IJRbRiRNS3_6NodeIdESE_SE_EEERS9_bbhS8_DpOT_
FNDA:0,_ZN12WPEFramework3Web9WebSocket18HWebSocketLinkTypeINS_4Core12SocketStreamENS0_7RequestENS0_8ResponseERNS1_16RequestAllocatorEE11HandlerTypeIS4_ED0Ev
FNDA:0,_ZN12WPEFramework3Web9WebSocket18HWebSocketLinkTypeINS_4Core12SocketStreamENS0_7RequestENS0_8ResponseERNS1_16RequestAllocatorEE11HandlerTypeIS4_ED2Ev
FNDA:0,_ZNK12WPEFramework3Web9WebSocket18HWebSocketLinkTypeINS_4Core12SocketStreamENS0_7RequestENS0_8ResponseERNS1_16RequestAllocatorEE11HandlerTypeIS4_E6IsOpenEv
FNDA:0,_ZNK12WPEFramework3Web9WebSocket18HWebSocketLinkTypeINS_4Core12SocketStreamENS0_7RequestENS0_8ResponseERNS1_16RequestAllocatorEE11HandlerTypeIS4_E11IsSuspendedEv
FNDA:0,_ZNK12WPEFramework3Web9WebSocket18HWebSocketLinkTypeINS_4Core12SocketStreamENS0_7RequestENS0_8ResponseERNS1_16RequestAllocatorEE11HandlerTypeIS4_E8IsClosedEv
FNDA:0,_ZNK12WPEFramework3Web9WebSocket18HWebSocketLinkTypeINS_4Core12SocketStreamENS0_7RequestENS0_8ResponseERNS1_16RequestAllocatorEE11HandlerTypeIS4_E11IsWebSocketEv
FNDA:0,_ZNK12WPEFramework3Web9WebSocket18HWebSocketLinkTypeINS_4Core12SocketStreamENS0_7RequestENS0_8ResponseERNS1_16RequestAllocatorEE11HandlerTypeIS4_E5QueryB5cxx11Ev
FNDA:0,_ZN12WPEFramework3Web9WebSocket18HWebSocketLinkTypeINS_4Core12SocketStreamENS0_7RequestENS0_8ResponseERNS1_16RequestAllocatorEE11HandlerTypeIS4_E5CloseEj
FNDA:0,_ZN12WPEFramework3Web9WebSocket18HWebSocketLinkTypeINS_4Core12SocketStreamENS0_7RequestENS0_8ResponseERNS1_16RequestAllocatorEE11HandlerTypeIS4_E8SendDataEPht
FNDA:0,_ZN12WPEFramework3Web9WebSocket18HWebSocketLinkTypeINS_4Core12SocketStreamENS0_7RequestENS0_8ResponseERNS1_16RequestAllocatorEE11HandlerTypeIS4_E11ReceiveDataEPht
FNDA:0,_ZN12WPEFramework3Web9WebSocket18HWebSocketLinkTypeINS_4Core12SocketStreamENS0_7RequestENS0_8ResponseERNS1_16RequestAllocatorEE11HandlerTypeIS4_E11StateChangeEv
FNDA:0,_ZNK12WPEFramework3Web9WebSocket18HWebSocketLinkTypeINS_4Core12SocketStreamENS0_7RequestENS0_8ResponseERNS1_16RequestAllocatorEE11HandlerTypeIS4_E5StateEv
FNDA:0,_ZN12WPEFramework3Web9WebSocket18HWebSocketLinkTypeINS_4Core12SocketStreamENS0_7RequestENS0_8ResponseERNS1_16RequestAllocatorEE11HandlerTypeIS4_E13CheckForCloseEj
FNDA:0,_ZN12WPEFramework3Web9WebSocket18HWebSocketLinkTypeINS_4Core12SocketStreamENS0_7RequestENS0_8ResponseERNS1_16RequestAllocatorEE11HandlerTypeIS4_E10SerializedERKNS3_9ProxyTypeIS6_EE
FNDA:0,_ZN12WPEFramework3Web9WebSocket18HWebSocketLinkTypeINS_4Core12SocketStreamENS0_7RequestENS0_8ResponseERNS1_16RequestAllocatorEE11HandlerTypeIS4_E12DeserializedERNS3_9ProxyTypeIS5_EE
FNDA:0,_ZN12WPEFramework3Web9WebSocket18HWebSocketLinkTypeINS_4Core12SocketStreamENS0_7RequestENS0_8ResponseERNS1_16RequestAllocatorEE11HandlerTypeIS4_E8LinkBodyERNS3_9ProxyTypeIS5_EE
FNDA:0,_ZN12WPEFramework3Web9WebSocket18HWebSocketLinkTypeINS_4Core12SocketStreamENS0_7RequestENS0_8ResponseERNS1_16RequestAllocatorEE11HandlerTypeIS4_E14SerializerImplC2ERSB_h
FNDA:0,_ZN12WPEFramework3Web9WebSocket18HWebSocketLinkTypeINS_4Core12SocketStreamENS0_7RequestENS0_8ResponseERNS1_16RequestAllocatorEE11HandlerTypeIS4_E16UpgradeCompletedEv
FNDA:0,_ZN12WPEFramework3Web9WebSocket18HWebSocketLinkTypeINS_4Core12SocketStreamENS0_7RequestENS0_8ResponseERNS1_16RequestAllocatorEE11HandlerTypeIS4_E17ReceivedWebSocketERNS3_9ProxyTypeIS5_EERK17TemplateIntToTypeILj1EE
FNDA:0,_ZN12WPEFramework3Web9WebSocket18HWebSocketLinkTypeINS_4Core12SocketStreamENS0_7RequestENS0_8ResponseERNS1_16RequestAllocatorEE11HandlerTypeIS4_E14SerializerImplD0Ev
FNDA:0,_ZN12WPEFramework3Web9WebSocket18HWebSocketLinkTypeINS_4Core12SocketStreamENS0_7RequestENS0_8ResponseERNS1_16RequestAllocatorEE11HandlerTypeIS4_E14SerializerImplD2Ev
FNDA:0,_ZN12WPEFramework3Web9WebSocket18HWebSocketLinkTypeINS_4Core12SocketStreamENS0_7RequestENS0_8ResponseERNS1_16RequestAllocatorEE11HandlerTypeIS4_E16UpgradeCompletedERK17TemplateIntToTypeILj1EE
FNDA:0,_ZNK12WPEFramework3Web9WebSocket18HWebSocketLinkTypeINS_4Core12SocketStreamENS0_7RequestENS0_8ResponseERNS1_16RequestAllocatorEE11HandlerTypeIS4_E14SerializerImpl6IsIdleEv
FNDA:0,_ZN12WPEFramework3Web9WebSocket18HWebSocketLinkTypeINS_4Core12SocketStreamENS0_7RequestENS0_8ResponseERNS1_16RequestAllocatorEE11HandlerTypeIS4_E14SerializerImpl6SubmitERKNS3_9ProxyTypeIS6_EE
FNDA:0,_ZN12WPEFramework3Web9WebSocket18HWebSocketLinkTypeINS_4Core12SocketStreamENS0_7RequestENS0_8ResponseERNS1_16RequestAllocatorEEC2IJRbRiRNS3_6NodeIdESC_SC_EEEbbhS8_DpOT_
FNDA:0,_ZN12WPEFramework3Web9WebSocket18HWebSocketLinkTypeINS_4Core12SocketStreamENS0_7RequestENS0_8ResponseERNS1_16RequestAllocatorEED0Ev
FNDA:0,_ZN12WPEFramework3Web9WebSocket18HWebSocketLinkTypeINS_4Core12SocketStreamENS0_7RequestENS0_8ResponseERNS1_16RequestAllocatorEED2Ev
FNDA:0,_ZNK12WPEFramework3Web9WebSocket18HWebSocketLinkTypeINS_4Core12SocketStreamENS0_7RequestENS0_8ResponseERNS1_16RequestAllocatorEE6IsOpenEv
FNDA:0,_ZNK12WPEFramework3Web9WebSocket18HWebSocketLinkTypeINS_4Core12SocketStreamENS0_7RequestENS0_8ResponseERNS1_16RequestAllocatorEE11IsSuspendedEv
FNDA:0,_ZNK12WPEFramework3Web9WebSocket18HWebSocketLinkTypeINS_4Core12SocketStreamENS0_7RequestENS0_8ResponseERNS1_16RequestAllocatorEE8IsClosedEv
FNDA:0,_ZNK12WPEFramework3Web9WebSocket18HWebSocketLinkTypeINS_4Core12SocketStreamENS0_7RequestENS0_8ResponseERNS1_16RequestAllocatorEE11IsWebSocketEv
FNDA:0,_ZNK12WPEFramework3Web9WebSocket18HWebSocketLinkTypeINS_4Core12SocketStreamENS0_7RequestENS0_8ResponseERNS1_16RequestAllocatorEE5QueryB5cxx11Ev
FNDA:0,_ZN12WPEFramework3Web9WebSocket18HWebSocketLinkTypeINS_4Core12SocketStreamENS0_7RequestENS0_8ResponseERNS1_16RequestAllocatorEE4OpenEj
FNDA:0,_ZN12WPEFramework3Web9WebSocket18HWebSocketLinkTypeINS_4Core12SocketStreamENS0_7RequestENS0_8ResponseERNS1_16RequestAllocatorEE5CloseEj
FNDA:0,_ZN12WPEFramework3Web9WebSocket18HWebSocketLinkTypeINS_4Core12SocketStreamENS0_7RequestENS0_8ResponseERNS1_16RequestAllocatorEE7TriggerEv
FNDA:0,_ZN12WPEFramework3Web9WebSocket18HWebSocketLinkTypeINS_4Core12SocketStreamENS0_7RequestENS0_8ResponseERNS1_16RequestAllocatorEE11HandlerTypeIS4_E14SerializerImpl9SerializeEPht
FNDA:0,_ZN12WPEFramework3Web9WebSocket20HWebSocketServerTypeINS_4Core12SocketStreamEE7HandlerIS4_EC2IJRbRiRNS3_6NodeIdESA_SA_EEERS5_bbDpOT_
FNDA:0,_ZN12WPEFramework3Web9WebSocket20HWebSocketServerTypeINS_4Core12SocketStreamEE7HandlerIS4_ED0Ev
FNDA:0,_ZN12WPEFramework3Web9WebSocket20HWebSocketServerTypeINS_4Core12SocketStreamEE7HandlerIS4_ED2Ev
FNDA:0,_ZN12WPEFramework3Web9WebSocket18HWebSocketLinkTypeINS_4Core12SocketStreamENS0_7RequestENS0_8ResponseERNS1_16RequestAllocatorEE11HandlerTypeIS4_E14SerializerImpl5FlushEv
FNDA:0,_ZN12WPEFramework3Web9WebSocket20HWebSocketServerTypeINS_4Core12SocketStreamEE7HandlerIS4_E8SendDataEPht
FNDA:0,_ZN12WPEFramework3Web9WebSocket20HWebSocketServerTypeINS_4Core12SocketStreamEE7HandlerIS4_E11ReceiveDataEPht
FNDA:0,_ZNK12WPEFramework3Web9WebSocket20HWebSocketServerTypeINS_4Core12SocketStreamEE7HandlerIS4_E6IsIdleEv
FNDA:0,_ZN12WPEFramework3Web9WebSocket20HWebSocketServerTypeINS_4Core12SocketStreamEE7HandlerIS4_E11StateChangeEv
FNDA:0,_ZN12WPEFramework3Web9WebSocket20HWebSocketServerTypeINS_4Core12SocketStreamEE7HandlerIS4_E8ReceivedERNS3_9ProxyTypeINS0_7RequestEEE
FNDA:0,_ZN12WPEFramework3Web9WebSocket20HWebSocketServerTypeINS_4Core12SocketStreamEE7HandlerIS4_E4SendERKNS3_9ProxyTypeINS0_8ResponseEEE
FNDA:0,_ZN12WPEFramework3Web9WebSocket20HWebSocketServerTypeINS_4Core12SocketStreamEE7HandlerIS4_E8LinkBodyERNS3_9ProxyTypeINS0_7RequestEEE
FNF:66
FNH:0
DA:60,0
DA:62,0
DA:63,0
DA:64,0
DA:66,0
DA:67,0
DA:70,0
DA:72,0
DA:74,0
DA:76,0
DA:78,0
DA:80,0
DA:83,0
DA:84,0
DA:85,0
DA:88,0
DA:90,0
DA:92,0
DA:94,0
DA:96,0
DA:98,0
DA:100,0
DA:102,0
DA:103,0
DA:104,0
DA:106,0
DA:108,0
DA:110,0
DA:113,0
DA:114,0
DA:117,0
DA:119,0
DA:121,0
DA:124,0
DA:125,0
DA:127,0
DA:129,0
DA:130,0
DA:132,0
DA:135,0
DA:137,0
DA:138,0
DA:139,0
DA:141,0
DA:143,0
DA:147,0
DA:167,0
DA:169,0
DA:170,0
DA:172,0
DA:173,0
DA:176,0
DA:178,0
DA:180,0
DA:182,0
DA:185,0
DA:187,0
DA:188,0
DA:189,0
DA:191,0
DA:192,0
DA:194,0
DA:196,0
DA:199,0
DA:201,0
DA:203,0
DA:206,0
DA:239,0
DA:240,0
DA:241,0
DA:242,0
DA:243,0
DA:244,0
DA:245,0
DA:246,0
DA:247,0
DA:248,0
DA:249,0
DA:250,0
DA:251,0
DA:252,0
DA:254,0
DA:256,0
DA:259,0
DA:261,0
DA:263,0
DA:265,0
DA:267,0
DA:269,0
DA:279,0
DA:281,0
DA:299,0
DA:301,0
DA:366,0
DA:368,0
DA:370,0
DA:372,0
DA:373,0
DA:379,0
DA:382,0
DA:384,0
DA:386,0
DA:390,0
DA:392,0
DA:394,0
DA:396,0
DA:398,0
DA:399,0
DA:400,0
DA:402,0
DA:405,0
DA:408,0
DA:410,0
DA:411,0
DA:414,0
DA:416,0
DA:418,0
DA:420,0
DA:422,0
DA:424,0
DA:425,0
DA:428,0
DA:429,0
DA:430,0
DA:433,0
DA:435,0
DA:436,0
DA:438,0
DA:444,0
DA:445,0
DA:450,0
DA:452,0
DA:454,0
DA:455,0
DA:456,0
DA:458,0
DA:459,0
DA:460,0
DA:461,0
DA:462,0
DA:463,0
DA:465,0
DA:469,0
DA:472,0
DA:475,0
DA:477,0
DA:478,0
DA:479,0
DA:480,0
DA:481,0
DA:483,0
DA:484,0
DA:486,0
DA:487,0
DA:488,0
DA:489,0
DA:491,0
DA:492,0
DA:497,0
DA:500,0
DA:502,0
DA:507,0
DA:510,0
DA:512,0
DA:513,0
DA:516,0
DA:520,0
DA:522,0
DA:525,0
DA:526,0
DA:529,0
DA:531,0
DA:532,0
DA:557,0
DA:559,0
DA:561,0
DA:563,0
DA:565,0
DA:566,0
DA:568,0
DA:569,0
DA:571,0
DA:572,0
DA:574,0
DA:576,0
DA:579,0
DA:580,0
DA:582,0
DA:586,0
DA:588,0
DA:590,0
DA:591,0
DA:592,0
DA:594,0
DA:595,0
DA:596,0
DA:598,0
DA:600,0
DA:602,0
DA:604,0
DA:605,0
DA:617,0
DA:620,0
DA:622,0
DA:624,0
DA:625,0
DA:626,0
DA:628,0
DA:629,0
DA:630,0
DA:631,0
DA:632,0
DA:633,0
DA:635,0
DA:638,0
DA:639,0
DA:641,0
DA:643,0
DA:644,0
DA:645,0
DA:646,0
DA:647,0
DA:648,0
DA:650,0
DA:651,0
DA:652,0
DA:653,0
DA:655,0
DA:656,0
DA:662,0
DA:664,0
DA:666,0
DA:668,0
DA:670,0
DA:671,0
DA:674,0
DA:675,0
DA:677,0
DA:679,0
DA:681,0
DA:683,0
DA:685,0
DA:790,0
DA:791,0
DA:793,0
DA:795,0
DA:814,0
DA:816,0
DA:818,0
DA:820,0
DA:822,0
DA:824,0
DA:834,0
DA:836,0
DA:870,0
DA:872,0
DA:890,0
DA:892,0
DA:893,0
DA:895,0
DA:897,0
DA:903,0
DA:905,0
DA:906,0
DA:952,0
DA:954,0
DA:956,0
DA:957,0
DA:960,0
DA:962,0
DA:964,0
DA:966,0
DA:970,0
DA:972,0
DA:975,0
DA:977,0
DA:978,0
DA:979,0
DA:982,0
DA:983,0
DA:984,0
DA:987,0
DA:989,0
DA:992,0
DA:993,0
DA:1005,0
DA:1006,0
DA:1008,0
DA:1009,0
DA:1020,0
DA:1022,0
DA:1024,0
DA:1026,0
DA:1040,0
DA:1042,0
DA:1064,0
DA:1066,0
DA:1067,0
DA:1069,0
DA:1071,0
DA:1074,0
DA:1076,0
DA:1078,0
DA:1080,0
DA:1081,0
LF:305
LH:0
end_of_record
TN:
SF:/home/kavia/workspace/code-generation/entservices-appgateway-34/helpers/WsManager.h
FN:102,115,_ZN26WebSocketConnectionManager15WebSocketServerC2ERKiRKN12WPEFramework4Core6NodeIdEPNS4_16SocketServerTypeIS0_EE
FN:116,122,_ZN26WebSocketConnectionManager15WebSocketServerD0Ev
FN:116,122,_ZN26WebSocketConnectionManager15WebSocketServerD2Ev
FN:125,139,_ZN26WebSocketConnectionManager15WebSocketServer8ReceivedERN12WPEFramework4Core9ProxyTypeINS2_4JSON8IElementEEE
FN:140,149,_ZN26WebSocketConnectionManager15WebSocketServer4SendERN12WPEFramework4Core9ProxyTypeINS2_4JSON8IElementEEE
FN:150,174,_ZN26WebSocketConnectionManager15WebSocketServer11StateChangeEv
FN:180,191,_ZN26WebSocketConnectionManager15WebSocketServer19SendJSONRPCResponseERKNSt7__cxx1112basic_stringIcSt11char_traitsIcESaIcEEEij
FN:196,198,_ZN26WebSocketConnectionManager15WebSocketServer2IdEv
FN:200,215,_ZN26WebSocketConnectionManager15WebSocketServer2IdEj
FN:217,221,_ZN26WebSocketConnectionManager15WebSocketServer9ToMessageERKN12WPEFramework4Core9ProxyTypeINS2_4JSON8IElementEEE
FN:222,304,_ZN26WebSocketConnectionManager15WebSocketServer14ProcessMessageERN12WPEFramework4Core9ProxyTypeINS2_7JSONRPC7MessageEEEj
FN:311,327,_ZN26WebSocketConnectionManager15WebSocketServer12AddToPendingERN12WPEFramework4Core9ProxyTypeINS2_7JSONRPC7MessageEEE
FN:345,349,_ZN26WebSocketConnectionManager16WebSocketChannelC2ERKN12WPEFramework4Core6NodeIdERS_
FN:350,352,_ZN26WebSocketConnectionManager16WebSocketChannelD2Ev
FN:353,355,_ZN26WebSocketConnectionManager16WebSocketChannel9InterfaceEv
FN:39,44,_ZN26WebSocketConnectionManagerD2Ev
FN:401,401,_ZN26WebSocketConnectionManager17SetMessageHandlerERKSt8functionIFvRKNSt7__cxx1112basic_stringIcSt11char_traitsIcESaIcEEES8_jjEE
FN:403,403,_ZN26WebSocketConnectionManager14SetAuthHandlerERKSt8functionIFbjRKNSt7__cxx1112basic_stringIcSt11char_traitsIcESaIcEEEEE
FN:405,405,_ZN26WebSocketConnectionManager20SetDisconnectHandlerESt8functionIFvjEE
FN:431,468,_ZN26WebSocketConnectionManager23SendMessageToConnectionEjRKNSt7__cxx1112basic_stringIcSt11char_traitsIcESaIcEEEi
FN:470,496,_ZN26WebSocketConnectionManager32DispatchNotificationToConnectionEjRKNSt7__cxx1112basic_stringIcSt11char_traitsIcESaIcEEES7_
FN:498,527,_ZN26WebSocketConnectionManager23SendRequestToConnectionEjRKNSt7__cxx1112basic_stringIcSt11char_traitsIcESaIcEEEjS7_
FN:53,57,_ZN26WebSocketConnectionManager6ConfigC2ENSt7__cxx1112basic_stringIcSt11char_traitsIcESaIcEEE
FN:547,571,_ZN26WebSocketConnectionManager5StartERKN12WPEFramework4Core6NodeIdE
FN:574,577,_ZN26WebSocketConnectionManager5CloseEj
FN:58,58,_ZN26WebSocketConnectionManager6ConfigD0Ev
FN:58,58,_ZN26WebSocketConnectionManager6ConfigD2Ev
FN:72,72,_ZN26WebSocketConnectionManager17JSONObjectFactoryC2Ev
FN:75,75,_ZN26WebSocketConnectionManager17JSONObjectFactoryD2Ev
FN:78,81,_ZN26WebSocketConnectionManager17JSONObjectFactory8InstanceEv
FN:82,85,_ZN26WebSocketConnectionManager17JSONObjectFactory7ElementERKNSt7__cxx1112basic_stringIcSt11char_traitsIcESaIcEEE
FNDA:0,_ZN26WebSocketConnectionManager15WebSocketServerC2ERKiRKN12WPEFramework4Core6NodeIdEPNS4_16SocketServerTypeIS0_EE
FNDA:0,_ZN26WebSocketConnectionManager15WebSocketServerD0Ev
FNDA:0,_ZN26WebSocketConnectionManager15WebSocketServerD2Ev
FNDA:0,_ZN26WebSocketConnectionManager15WebSocketServer8ReceivedERN12WPEFramework4Core9ProxyTypeINS2_4JSON8IElementEEE
FNDA:0,_ZN26WebSocketConnectionManager15WebSocketServer4SendERN12WPEFramework4Core9ProxyTypeINS2_4JSON8IElementEEE
FNDA:0,_ZN26WebSocketConnectionManager15WebSocketServer11StateChangeEv
FNDA:0,_ZN26WebSocketConnectionManager15WebSocketServer19SendJSONRPCResponseERKNSt7__cxx1112basic_stringIcSt11char_traitsIcESaIcEEEij
FNDA:0,_ZN26WebSocketConnectionManager15WebSocketServer2IdEv
FNDA:0,_ZN26WebSocketConnectionManager15WebSocketServer2IdEj
FNDA:0,_ZN26WebSocketConnectionManager15WebSocketServer9ToMessageERKN12WPEFramework4Core9ProxyTypeINS2_4JSON8IElementEEE
FNDA:0,_ZN26WebSocketConnectionManager15WebSocketServer14ProcessMessageERN12WPEFramework4Core9ProxyTypeINS2_7JSONRPC7MessageEEEj
FNDA:0,_ZN26WebSocketConnectionManager15WebSocketServer12AddToPendingERN12WPEFramework4Core9ProxyTypeINS2_7JSONRPC7MessageEEE
FNDA:0,_ZN26WebSocketConnectionManager16WebSocketChannelC2ERKN12WPEFramework4Core6NodeIdERS_
FNDA:0,_ZN26WebSocketConnectionManager16WebSocketChannelD2Ev
FNDA:0,_ZN26WebSocketConnectionManager16WebSocketChannel9InterfaceEv
FNDA:0,_ZN26WebSocketConnectionManagerD2Ev
FNDA:0,_ZN26WebSocketConnectionManager17SetMessageHandlerERKSt8functionIFvRKNSt7__cxx1112basic_stringIcSt11char_traitsIcESaIcEEES8_jjEE
FNDA:0,_ZN26WebSocketConnectionManager14SetAuthHandlerERKSt8functionIFbjRKNSt7__cxx1112basic_stringIcSt11char_traitsIcESaIcEEEEE
FNDA:0,_ZN26WebSocketConnectionManager20SetDisconnectHandlerESt8functionIFvjEE
FNDA:0,_ZN26WebSocketConnectionManager23SendMessageToConnectionEjRKNSt7__cxx1112basic_stringIcSt11char_traitsIcESaIcEEEi
FNDA:0,_ZN26WebSocketConnectionManager32DispatchNotificationToConnectionEjRKNSt7__cxx1112basic_stringIcSt11char_traitsIcESaIcEEES7_
FNDA:0,_ZN26WebSocketConnectionManager23SendRequestToConnectionEjRKNSt7__cxx1112basic_stringIcSt11char_traitsIcESaIcEEEjS7_
FNDA:0,_ZN26WebSocketConnectionManager6ConfigC2ENSt7__cxx1112basic_stringIcSt11char_traitsIcESaIcEEE
FNDA:0,_ZN26WebSocketConnectionManager5StartERKN12WPEFramework4Core6NodeIdE
FNDA:0,_ZN26WebSocketConnectionManager5CloseEj
FNDA:0,_ZN26WebSocketConnectionManager6ConfigD0Ev
FNDA:0,_ZN26WebSocketConnectionManager6ConfigD2Ev
FNDA:0,_ZN26WebSocketConnectionManager17JSONObjectFactoryC2Ev
FNDA:0,_ZN26WebSocketConnectionManager17JSONObjectFactoryD2Ev
FNDA:0,_ZN26WebSocketConnectionManager17JSONObjectFactory8InstanceEv
FNDA:0,_ZN26WebSocketConnectionManager17JSONObjectFactory7ElementERKNSt7__cxx1112basic_stringIcSt11char_traitsIcESaIcEEE
FNF:31
FNH:0
DA:39,0
DA:40,0
DA:41,0
DA:42,0
DA:44,0
DA:53,0
DA:54,0
DA:56,0
DA:57,0
DA:58,0
DA:72,0
DA:75,0
DA:78,0
DA:79,0
DA:80,0
DA:82,0
DA:83,0
DA:84,0
DA:85,0
DA:102,0
DA:108,0
DA:110,0
DA:111,0
DA:112,0
DA:113,0
DA:114,0
DA:115,0
DA:116,0
DA:117,0
DA:118,0
DA:119,0
DA:120,0
DA:122,0
DA:125,0
DA:127,0
DA:129,0
DA:131,0
DA:135,0
DA:137,0
DA:138,0
DA:139,0
DA:140,0
DA:141,0
DA:143,0
DA:147,0
DA:149,0
DA:150,0
DA:151,0
DA:153,0
DA:154,0
DA:155,0
DA:156,0
DA:157,0
DA:158,0
DA:159,0
DA:160,0
DA:162,0
DA:164,0
DA:167,0
DA:169,0
DA:170,0
DA:171,0
DA:180,0
DA:181,0
DA:182,0
DA:183,0
DA:184,0
DA:186,0
DA:187,0
DA:190,0
DA:191,0
DA:196,0
DA:197,0
DA:200,0
DA:201,0
DA:202,0
DA:205,0
DA:206,0
DA:207,0
DA:208,0
DA:209,0
DA:210,0
DA:212,0
DA:213,0
DA:214,0
DA:215,0
DA:217,0
DA:218,0
DA:219,0
DA:220,0
DA:221,0
DA:222,0
DA:224,0
DA:225,0
DA:226,0
DA:228,0
DA:229,0
DA:230,0
DA:232,0
DA:234,0
DA:235,0
DA:236,0
DA:237,0
DA:238,0
DA:239,0
DA:240,0
DA:243,0
DA:244,0
DA:245,0
DA:248,0
DA:250,0
DA:254,0
DA:255,0
DA:257,0
DA:263,0
DA:264,0
DA:265,0
DA:267,0
DA:270,0
DA:272,0
DA:273,0
DA:274,0
DA:275,0
DA:276,0
DA:278,0
DA:279,0
DA:280,0
DA:304,0
DA:311,0
DA:313,0
DA:314,0
DA:315,0
DA:317,0
DA:318,0
DA:319,0
DA:320,0
DA:321,0
DA:323,0
DA:324,0
DA:326,0
DA:327,0
DA:345,0
DA:347,0
DA:348,0
DA:349,0
DA:350,0
DA:351,0
DA:352,0
DA:353,0
DA:354,0
DA:401,0
DA:403,0
DA:405,0
DA:431,0
DA:433,0
DA:434,0
DA:435,0
DA:437,0
DA:438,0
DA:439,0
DA:441,0
DA:446,0
DA:449,0
DA:467,0
DA:468,0
DA:470,0
DA:472,0
DA:473,0
DA:474,0
DA:475,0
DA:476,0
DA:477,0
DA:495,0
DA:496,0
DA:498,0
DA:500,0
DA:501,0
DA:502,0
DA:503,0
DA:504,0
DA:506,0
DA:507,0
DA:526,0
DA:527,0
DA:547,0
DA:551,0
DA:552,0
DA:554,0
DA:555,0
DA:558,0
DA:559,0
DA:561,0
DA:563,0
DA:564,0
DA:565,0
DA:566,0
DA:568,0
DA:569,0
DA:570,0
DA:574,0
DA:575,0
DA:576,0
DA:577,0
LF:203
LH:0
end_of_record
